-------------------------------------------------------------------------------
Test set: com.tcc.elearning.entity.CursoTest
-------------------------------------------------------------------------------
Tests run: 1, Failures: 0, Errors: 1, Skipped: 0, Time elapsed: 3.03 sec <<< FAILURE!
novoCurso(com.tcc.elearning.entity.CursoTest)  Time elapsed: 2.78 sec  <<< ERROR!
java.lang.StackOverflowError
	at com.tcc.elearning.app.entity.Curso.hashCode(Curso.java:56)
	at java.util.Arrays.hashCode(Arrays.java:3140)
	at com.google.common.base.Objects.hashCode(Objects.java:77)
	at com.tcc.elearning.app.entity.Curso.hashCode(Curso.java:56)
	at java.util.Arrays.hashCode(Arrays.java:3140)
	at com.google.common.base.Objects.hashCode(Objects.java:77)
	at com.tcc.elearning.app.entity.Curso.hashCode(Curso.java:56)
	at java.util.Arrays.hashCode(Arrays.java:3140)
	at com.google.common.base.Objects.hashCode(Objects.java:77)
	at com.tcc.elearning.app.entity.Curso.hashCode(Curso.java:56)
	at java.util.Arrays.hashCode(Arrays.java:3140)
	at com.google.common.base.Objects.hashCode(Objects.java:77)
	at com.tcc.elearning.app.entity.Curso.hashCode(Curso.java:56)
	at java.util.Arrays.hashCode(Arrays.java:3140)
	at com.google.common.base.Objects.hashCode(Objects.java:77)
	at com.tcc.elearning.app.entity.Curso.hashCode(Curso.java:56)
	at java.util.Arrays.hashCode(Arrays.java:3140)
	at com.google.common.base.Objects.hashCode(Objects.java:77)
	at com.tcc.elearning.app.entity.Curso.hashCode(Curso.java:56)
	at java.util.Arrays.hashCode(Arrays.java:3140)
	at com.google.common.base.Objects.hashCode(Objects.java:77)
	at com.tcc.elearning.app.entity.Curso.hashCode(Curso.java:56)
	at java.util.Arrays.hashCode(Arrays.java:3140)
	at com.google.common.base.Objects.hashCode(Objects.java:77)
	at com.tcc.elearning.app.entity.Curso.hashCode(Curso.java:56)
	at java.util.Arrays.hashCode(Arrays.java:3140)
	at com.google.common.base.Objects.hashCode(Objects.java:77)
	at com.tcc.elearning.app.entity.Curso.hashCode(Curso.java:56)
	at java.util.Arrays.hashCode(Arrays.java:3140)
	at com.google.common.base.Objects.hashCode(Objects.java:77)
	at com.tcc.elearning.app.entity.Curso.hashCode(Curso.java:56)
	at java.util.Arrays.hashCode(Arrays.java:3140)
	at com.google.common.base.Objects.hashCode(Objects.java:77)
	at com.tcc.elearning.app.entity.Curso.hashCode(Curso.java:56)
	at java.util.Arrays.hashCode(Arrays.java:3140)
	at com.google.common.base.Objects.hashCode(Objects.java:77)
	at com.tcc.elearning.app.entity.Curso.hashCode(Curso.java:56)
	at java.util.Arrays.hashCode(Arrays.java:3140)
	at com.google.common.base.Objects.hashCode(Objects.java:77)
	at com.tcc.elearning.app.entity.Curso.hashCode(Curso.java:56)
	at java.util.Arrays.hashCode(Arrays.java:3140)
	at com.google.common.base.Objects.hashCode(Objects.java:77)
	at com.tcc.elearning.app.entity.Curso.hashCode(Curso.java:56)
	at java.util.Arrays.hashCode(Arrays.java:3140)
	at com.google.common.base.Objects.hashCode(Objects.java:77)
	at com.tcc.elearning.app.entity.Curso.hashCode(Curso.java:56)
	at java.util.Arrays.hashCode(Arrays.java:3140)
	at com.google.common.base.Objects.hashCode(Objects.java:77)
	at com.tcc.elearning.app.entity.Curso.hashCode(Curso.java:56)
	at java.util.Arrays.hashCode(Arrays.java:3140)
	at com.google.common.base.Objects.hashCode(Objects.java:77)
	at com.tcc.elearning.app.entity.Curso.hashCode(Curso.java:56)
	at java.util.Arrays.hashCode(Arrays.java:3140)
	at com.google.common.base.Objects.hashCode(Objects.java:77)
	at com.tcc.elearning.app.entity.Curso.hashCode(Curso.java:56)
	at java.util.Arrays.hashCode(Arrays.java:3140)
	at com.google.common.base.Objects.hashCode(Objects.java:77)
	at com.tcc.elearning.app.entity.Curso.hashCode(Curso.java:56)
	at java.util.Arrays.hashCode(Arrays.java:3140)
	at com.google.common.base.Objects.hashCode(Objects.java:77)
	at com.tcc.elearning.app.entity.Curso.hashCode(Curso.java:56)
	at java.util.Arrays.hashCode(Arrays.java:3140)
	at com.google.common.base.Objects.hashCode(Objects.java:77)
	at com.tcc.elearning.app.entity.Curso.hashCode(Curso.java:56)
	at java.util.Arrays.hashCode(Arrays.java:3140)
	at com.google.common.base.Objects.hashCode(Objects.java:77)
	at com.tcc.elearning.app.entity.Curso.hashCode(Curso.java:56)
	at java.util.Arrays.hashCode(Arrays.java:3140)
	at com.google.common.base.Objects.hashCode(Objects.java:77)
	at com.tcc.elearning.app.entity.Curso.hashCode(Curso.java:56)
	at java.util.Arrays.hashCode(Arrays.java:3140)
	at com.google.common.base.Objects.hashCode(Objects.java:77)
	at com.tcc.elearning.app.entity.Curso.hashCode(Curso.java:56)
	at java.util.Arrays.hashCode(Arrays.java:3140)
	at com.google.common.base.Objects.hashCode(Objects.java:77)
	at com.tcc.elearning.app.entity.Curso.hashCode(Curso.java:56)
	at java.util.Arrays.hashCode(Arrays.java:3140)
	at com.google.common.base.Objects.hashCode(Objects.java:77)
	at com.tcc.elearning.app.entity.Curso.hashCode(Curso.java:56)
	at java.util.Arrays.hashCode(Arrays.java:3140)
	at com.google.common.base.Objects.hashCode(Objects.java:77)
	at com.tcc.elearning.app.entity.Curso.hashCode(Curso.java:56)
	at java.util.Arrays.hashCode(Arrays.java:3140)
	at com.google.common.base.Objects.hashCode(Objects.java:77)
	at com.tcc.elearning.app.entity.Curso.hashCode(Curso.java:56)
	at java.util.Arrays.hashCode(Arrays.java:3140)
	at com.google.common.base.Objects.hashCode(Objects.java:77)
	at com.tcc.elearning.app.entity.Curso.hashCode(Curso.java:56)
	at java.util.Arrays.hashCode(Arrays.java:3140)
	at com.google.common.base.Objects.hashCode(Objects.java:77)
	at com.tcc.elearning.app.entity.Curso.hashCode(Curso.java:56)
	at java.util.Arrays.hashCode(Arrays.java:3140)
	at com.google.common.base.Objects.hashCode(Objects.java:77)
	at com.tcc.elearning.app.entity.Curso.hashCode(Curso.java:56)
	at java.util.Arrays.hashCode(Arrays.java:3140)
	at com.google.common.base.Objects.hashCode(Objects.java:77)
	at com.tcc.elearning.app.entity.Curso.hashCode(Curso.java:56)
	at java.util.Arrays.hashCode(Arrays.java:3140)
	at com.google.common.base.Objects.hashCode(Objects.java:77)
	at com.tcc.elearning.app.entity.Curso.hashCode(Curso.java:56)
	at java.util.Arrays.hashCode(Arrays.java:3140)
	at com.google.common.base.Objects.hashCode(Objects.java:77)
	at com.tcc.elearning.app.entity.Curso.hashCode(Curso.java:56)
	at java.util.Arrays.hashCode(Arrays.java:3140)
	at com.google.common.base.Objects.hashCode(Objects.java:77)
	at com.tcc.elearning.app.entity.Curso.hashCode(Curso.java:56)
	at java.util.Arrays.hashCode(Arrays.java:3140)
	at com.google.common.base.Objects.hashCode(Objects.java:77)
	at com.tcc.elearning.app.entity.Curso.hashCode(Curso.java:56)
	at java.util.Arrays.hashCode(Arrays.java:3140)
	at com.google.common.base.Objects.hashCode(Objects.java:77)
	at com.tcc.elearning.app.entity.Curso.hashCode(Curso.java:56)
	at java.util.Arrays.hashCode(Arrays.java:3140)
	at com.google.common.base.Objects.hashCode(Objects.java:77)
	at com.tcc.elearning.app.entity.Curso.hashCode(Curso.java:56)
	at java.util.Arrays.hashCode(Arrays.java:3140)
	at com.google.common.base.Objects.hashCode(Objects.java:77)
	at com.tcc.elearning.app.entity.Curso.hashCode(Curso.java:56)
	at java.util.Arrays.hashCode(Arrays.java:3140)
	at com.google.common.base.Objects.hashCode(Objects.java:77)
	at com.tcc.elearning.app.entity.Curso.hashCode(Curso.java:56)
	at java.util.Arrays.hashCode(Arrays.java:3140)
	at com.google.common.base.Objects.hashCode(Objects.java:77)
	at com.tcc.elearning.app.entity.Curso.hashCode(Curso.java:56)
	at java.util.Arrays.hashCode(Arrays.java:3140)
	at com.google.common.base.Objects.hashCode(Objects.java:77)
	at com.tcc.elearning.app.entity.Curso.hashCode(Curso.java:56)
	at java.util.Arrays.hashCode(Arrays.java:3140)
	at com.google.common.base.Objects.hashCode(Objects.java:77)
	at com.tcc.elearning.app.entity.Curso.hashCode(Curso.java:56)
	at java.util.Arrays.hashCode(Arrays.java:3140)
	at com.google.common.base.Objects.hashCode(Objects.java:77)
	at com.tcc.elearning.app.entity.Curso.hashCode(Curso.java:56)
	at java.util.Arrays.hashCode(Arrays.java:3140)
	at com.google.common.base.Objects.hashCode(Objects.java:77)
	at com.tcc.elearning.app.entity.Curso.hashCode(Curso.java:56)
	at java.util.Arrays.hashCode(Arrays.java:3140)
	at com.google.common.base.Objects.hashCode(Objects.java:77)
	at com.tcc.elearning.app.entity.Curso.hashCode(Curso.java:56)
	at java.util.Arrays.hashCode(Arrays.java:3140)
	at com.google.common.base.Objects.hashCode(Objects.java:77)
	at com.tcc.elearning.app.entity.Curso.hashCode(Curso.java:56)
	at java.util.Arrays.hashCode(Arrays.java:3140)
	at com.google.common.base.Objects.hashCode(Objects.java:77)
	at com.tcc.elearning.app.entity.Curso.hashCode(Curso.java:56)
	at java.util.Arrays.hashCode(Arrays.java:3140)
	at com.google.common.base.Objects.hashCode(Objects.java:77)
	at com.tcc.elearning.app.entity.Curso.hashCode(Curso.java:56)
	at java.util.Arrays.hashCode(Arrays.java:3140)
	at com.google.common.base.Objects.hashCode(Objects.java:77)
	at com.tcc.elearning.app.entity.Curso.hashCode(Curso.java:56)
	at java.util.Arrays.hashCode(Arrays.java:3140)
	at com.google.common.base.Objects.hashCode(Objects.java:77)
	at com.tcc.elearning.app.entity.Curso.hashCode(Curso.java:56)
	at java.util.Arrays.hashCode(Arrays.java:3140)
	at com.google.common.base.Objects.hashCode(Objects.java:77)
	at com.tcc.elearning.app.entity.Curso.hashCode(Curso.java:56)
	at java.util.Arrays.hashCode(Arrays.java:3140)
	at com.google.common.base.Objects.hashCode(Objects.java:77)
	at com.tcc.elearning.app.entity.Curso.hashCode(Curso.java:56)
	at java.util.Arrays.hashCode(Arrays.java:3140)
	at com.google.common.base.Objects.hashCode(Objects.java:77)
	at com.tcc.elearning.app.entity.Curso.hashCode(Curso.java:56)
	at java.util.Arrays.hashCode(Arrays.java:3140)
	at com.google.common.base.Objects.hashCode(Objects.java:77)
	at com.tcc.elearning.app.entity.Curso.hashCode(Curso.java:56)
	at java.util.Arrays.hashCode(Arrays.java:3140)
	at com.google.common.base.Objects.hashCode(Objects.java:77)
	at com.tcc.elearning.app.entity.Curso.hashCode(Curso.java:56)
	at java.util.Arrays.hashCode(Arrays.java:3140)
	at com.google.common.base.Objects.hashCode(Objects.java:77)
	at com.tcc.elearning.app.entity.Curso.hashCode(Curso.java:56)
	at java.util.Arrays.hashCode(Arrays.java:3140)
	at com.google.common.base.Objects.hashCode(Objects.java:77)
	at com.tcc.elearning.app.entity.Curso.hashCode(Curso.java:56)
	at java.util.Arrays.hashCode(Arrays.java:3140)
	at com.google.common.base.Objects.hashCode(Objects.java:77)
	at com.tcc.elearning.app.entity.Curso.hashCode(Curso.java:56)
	at java.util.Arrays.hashCode(Arrays.java:3140)
	at com.google.common.base.Objects.hashCode(Objects.java:77)
	at com.tcc.elearning.app.entity.Curso.hashCode(Curso.java:56)
	at java.util.Arrays.hashCode(Arrays.java:3140)
	at com.google.common.base.Objects.hashCode(Objects.java:77)
	at com.tcc.elearning.app.entity.Curso.hashCode(Curso.java:56)
	at java.util.Arrays.hashCode(Arrays.java:3140)
	at com.google.common.base.Objects.hashCode(Objects.java:77)
	at com.tcc.elearning.app.entity.Curso.hashCode(Curso.java:56)
	at java.util.Arrays.hashCode(Arrays.java:3140)
	at com.google.common.base.Objects.hashCode(Objects.java:77)
	at com.tcc.elearning.app.entity.Curso.hashCode(Curso.java:56)
	at java.util.Arrays.hashCode(Arrays.java:3140)
	at com.google.common.base.Objects.hashCode(Objects.java:77)
	at com.tcc.elearning.app.entity.Curso.hashCode(Curso.java:56)
	at java.util.Arrays.hashCode(Arrays.java:3140)
	at com.google.common.base.Objects.hashCode(Objects.java:77)
	at com.tcc.elearning.app.entity.Curso.hashCode(Curso.java:56)
	at java.util.Arrays.hashCode(Arrays.java:3140)
	at com.google.common.base.Objects.hashCode(Objects.java:77)
	at com.tcc.elearning.app.entity.Curso.hashCode(Curso.java:56)
	at java.util.Arrays.hashCode(Arrays.java:3140)
	at com.google.common.base.Objects.hashCode(Objects.java:77)
	at com.tcc.elearning.app.entity.Curso.hashCode(Curso.java:56)
	at java.util.Arrays.hashCode(Arrays.java:3140)
	at com.google.common.base.Objects.hashCode(Objects.java:77)
	at com.tcc.elearning.app.entity.Curso.hashCode(Curso.java:56)
	at java.util.Arrays.hashCode(Arrays.java:3140)
	at com.google.common.base.Objects.hashCode(Objects.java:77)
	at com.tcc.elearning.app.entity.Curso.hashCode(Curso.java:56)
	at java.util.Arrays.hashCode(Arrays.java:3140)
	at com.google.common.base.Objects.hashCode(Objects.java:77)
	at com.tcc.elearning.app.entity.Curso.hashCode(Curso.java:56)
	at java.util.Arrays.hashCode(Arrays.java:3140)
	at com.google.common.base.Objects.hashCode(Objects.java:77)
	at com.tcc.elearning.app.entity.Curso.hashCode(Curso.java:56)
	at java.util.Arrays.hashCode(Arrays.java:3140)
	at com.google.common.base.Objects.hashCode(Objects.java:77)
	at com.tcc.elearning.app.entity.Curso.hashCode(Curso.java:56)
	at java.util.Arrays.hashCode(Arrays.java:3140)
	at com.google.common.base.Objects.hashCode(Objects.java:77)
	at com.tcc.elearning.app.entity.Curso.hashCode(Curso.java:56)
	at java.util.Arrays.hashCode(Arrays.java:3140)
	at com.google.common.base.Objects.hashCode(Objects.java:77)
	at com.tcc.elearning.app.entity.Curso.hashCode(Curso.java:56)
	at java.util.Arrays.hashCode(Arrays.java:3140)
	at com.google.common.base.Objects.hashCode(Objects.java:77)
	at com.tcc.elearning.app.entity.Curso.hashCode(Curso.java:56)
	at java.util.Arrays.hashCode(Arrays.java:3140)
	at com.google.common.base.Objects.hashCode(Objects.java:77)
	at com.tcc.elearning.app.entity.Curso.hashCode(Curso.java:56)
	at java.util.Arrays.hashCode(Arrays.java:3140)
	at com.google.common.base.Objects.hashCode(Objects.java:77)
	at com.tcc.elearning.app.entity.Curso.hashCode(Curso.java:56)
	at java.util.Arrays.hashCode(Arrays.java:3140)
	at com.google.common.base.Objects.hashCode(Objects.java:77)
	at com.tcc.elearning.app.entity.Curso.hashCode(Curso.java:56)
	at java.util.Arrays.hashCode(Arrays.java:3140)
	at com.google.common.base.Objects.hashCode(Objects.java:77)
	at com.tcc.elearning.app.entity.Curso.hashCode(Curso.java:56)
	at java.util.Arrays.hashCode(Arrays.java:3140)
	at com.google.common.base.Objects.hashCode(Objects.java:77)
	at com.tcc.elearning.app.entity.Curso.hashCode(Curso.java:56)
	at java.util.Arrays.hashCode(Arrays.java:3140)
	at com.google.common.base.Objects.hashCode(Objects.java:77)
	at com.tcc.elearning.app.entity.Curso.hashCode(Curso.java:56)
	at java.util.Arrays.hashCode(Arrays.java:3140)
	at com.google.common.base.Objects.hashCode(Objects.java:77)
	at com.tcc.elearning.app.entity.Curso.hashCode(Curso.java:56)
	at java.util.Arrays.hashCode(Arrays.java:3140)
	at com.google.common.base.Objects.hashCode(Objects.java:77)
	at com.tcc.elearning.app.entity.Curso.hashCode(Curso.java:56)
	at java.util.Arrays.hashCode(Arrays.java:3140)
	at com.google.common.base.Objects.hashCode(Objects.java:77)
	at com.tcc.elearning.app.entity.Curso.hashCode(Curso.java:56)
	at java.util.Arrays.hashCode(Arrays.java:3140)
	at com.google.common.base.Objects.hashCode(Objects.java:77)
	at com.tcc.elearning.app.entity.Curso.hashCode(Curso.java:56)
	at java.util.Arrays.hashCode(Arrays.java:3140)
	at com.google.common.base.Objects.hashCode(Objects.java:77)
	at com.tcc.elearning.app.entity.Curso.hashCode(Curso.java:56)
	at java.util.Arrays.hashCode(Arrays.java:3140)
	at com.google.common.base.Objects.hashCode(Objects.java:77)
	at com.tcc.elearning.app.entity.Curso.hashCode(Curso.java:56)
	at java.util.Arrays.hashCode(Arrays.java:3140)
	at com.google.common.base.Objects.hashCode(Objects.java:77)
	at com.tcc.elearning.app.entity.Curso.hashCode(Curso.java:56)
	at java.util.Arrays.hashCode(Arrays.java:3140)
	at com.google.common.base.Objects.hashCode(Objects.java:77)
	at com.tcc.elearning.app.entity.Curso.hashCode(Curso.java:56)
	at java.util.Arrays.hashCode(Arrays.java:3140)
	at com.google.common.base.Objects.hashCode(Objects.java:77)
	at com.tcc.elearning.app.entity.Curso.hashCode(Curso.java:56)
	at java.util.Arrays.hashCode(Arrays.java:3140)
	at com.google.common.base.Objects.hashCode(Objects.java:77)
	at com.tcc.elearning.app.entity.Curso.hashCode(Curso.java:56)
	at java.util.Arrays.hashCode(Arrays.java:3140)
	at com.google.common.base.Objects.hashCode(Objects.java:77)
	at com.tcc.elearning.app.entity.Curso.hashCode(Curso.java:56)
	at java.util.Arrays.hashCode(Arrays.java:3140)
	at com.google.common.base.Objects.hashCode(Objects.java:77)
	at com.tcc.elearning.app.entity.Curso.hashCode(Curso.java:56)
	at java.util.Arrays.hashCode(Arrays.java:3140)
	at com.google.common.base.Objects.hashCode(Objects.java:77)
	at com.tcc.elearning.app.entity.Curso.hashCode(Curso.java:56)
	at java.util.Arrays.hashCode(Arrays.java:3140)
	at com.google.common.base.Objects.hashCode(Objects.java:77)
	at com.tcc.elearning.app.entity.Curso.hashCode(Curso.java:56)
	at java.util.Arrays.hashCode(Arrays.java:3140)
	at com.google.common.base.Objects.hashCode(Objects.java:77)
	at com.tcc.elearning.app.entity.Curso.hashCode(Curso.java:56)
	at java.util.Arrays.hashCode(Arrays.java:3140)
	at com.google.common.base.Objects.hashCode(Objects.java:77)
	at com.tcc.elearning.app.entity.Curso.hashCode(Curso.java:56)
	at java.util.Arrays.hashCode(Arrays.java:3140)
	at com.google.common.base.Objects.hashCode(Objects.java:77)
	at com.tcc.elearning.app.entity.Curso.hashCode(Curso.java:56)
	at java.util.Arrays.hashCode(Arrays.java:3140)
	at com.google.common.base.Objects.hashCode(Objects.java:77)
	at com.tcc.elearning.app.entity.Curso.hashCode(Curso.java:56)
	at java.util.Arrays.hashCode(Arrays.java:3140)
	at com.google.common.base.Objects.hashCode(Objects.java:77)
	at com.tcc.elearning.app.entity.Curso.hashCode(Curso.java:56)
	at java.util.Arrays.hashCode(Arrays.java:3140)
	at com.google.common.base.Objects.hashCode(Objects.java:77)
	at com.tcc.elearning.app.entity.Curso.hashCode(Curso.java:56)
	at java.util.Arrays.hashCode(Arrays.java:3140)
	at com.google.common.base.Objects.hashCode(Objects.java:77)
	at com.tcc.elearning.app.entity.Curso.hashCode(Curso.java:56)
	at java.util.Arrays.hashCode(Arrays.java:3140)
	at com.google.common.base.Objects.hashCode(Objects.java:77)
	at com.tcc.elearning.app.entity.Curso.hashCode(Curso.java:56)
	at java.util.Arrays.hashCode(Arrays.java:3140)
	at com.google.common.base.Objects.hashCode(Objects.java:77)
	at com.tcc.elearning.app.entity.Curso.hashCode(Curso.java:56)
	at java.util.Arrays.hashCode(Arrays.java:3140)
	at com.google.common.base.Objects.hashCode(Objects.java:77)
	at com.tcc.elearning.app.entity.Curso.hashCode(Curso.java:56)
	at java.util.Arrays.hashCode(Arrays.java:3140)
	at com.google.common.base.Objects.hashCode(Objects.java:77)
	at com.tcc.elearning.app.entity.Curso.hashCode(Curso.java:56)
	at java.util.Arrays.hashCode(Arrays.java:3140)
	at com.google.common.base.Objects.hashCode(Objects.java:77)
	at com.tcc.elearning.app.entity.Curso.hashCode(Curso.java:56)
	at java.util.Arrays.hashCode(Arrays.java:3140)
	at com.google.common.base.Objects.hashCode(Objects.java:77)
	at com.tcc.elearning.app.entity.Curso.hashCode(Curso.java:56)
	at java.util.Arrays.hashCode(Arrays.java:3140)
	at com.google.common.base.Objects.hashCode(Objects.java:77)
	at com.tcc.elearning.app.entity.Curso.hashCode(Curso.java:56)
	at java.util.Arrays.hashCode(Arrays.java:3140)
	at com.google.common.base.Objects.hashCode(Objects.java:77)
	at com.tcc.elearning.app.entity.Curso.hashCode(Curso.java:56)
	at java.util.Arrays.hashCode(Arrays.java:3140)
	at com.google.common.base.Objects.hashCode(Objects.java:77)
	at com.tcc.elearning.app.entity.Curso.hashCode(Curso.java:56)
	at java.util.Arrays.hashCode(Arrays.java:3140)
	at com.google.common.base.Objects.hashCode(Objects.java:77)
	at com.tcc.elearning.app.entity.Curso.hashCode(Curso.java:56)
	at java.util.Arrays.hashCode(Arrays.java:3140)
	at com.google.common.base.Objects.hashCode(Objects.java:77)
	at com.tcc.elearning.app.entity.Curso.hashCode(Curso.java:56)
	at java.util.Arrays.hashCode(Arrays.java:3140)
	at com.google.common.base.Objects.hashCode(Objects.java:77)
	at com.tcc.elearning.app.entity.Curso.hashCode(Curso.java:56)
	at java.util.Arrays.hashCode(Arrays.java:3140)
	at com.google.common.base.Objects.hashCode(Objects.java:77)
	at com.tcc.elearning.app.entity.Curso.hashCode(Curso.java:56)
	at java.util.Arrays.hashCode(Arrays.java:3140)
	at com.google.common.base.Objects.hashCode(Objects.java:77)
	at com.tcc.elearning.app.entity.Curso.hashCode(Curso.java:56)
	at java.util.Arrays.hashCode(Arrays.java:3140)
	at com.google.common.base.Objects.hashCode(Objects.java:77)
	at com.tcc.elearning.app.entity.Curso.hashCode(Curso.java:56)
	at java.util.Arrays.hashCode(Arrays.java:3140)
	at com.google.common.base.Objects.hashCode(Objects.java:77)
	at com.tcc.elearning.app.entity.Curso.hashCode(Curso.java:56)
	at java.util.Arrays.hashCode(Arrays.java:3140)
	at com.google.common.base.Objects.hashCode(Objects.java:77)
	at com.tcc.elearning.app.entity.Curso.hashCode(Curso.java:56)
	at java.util.Arrays.hashCode(Arrays.java:3140)
	at com.google.common.base.Objects.hashCode(Objects.java:77)
	at com.tcc.elearning.app.entity.Curso.hashCode(Curso.java:56)
	at java.util.Arrays.hashCode(Arrays.java:3140)
	at com.google.common.base.Objects.hashCode(Objects.java:77)
	at com.tcc.elearning.app.entity.Curso.hashCode(Curso.java:56)
	at java.util.Arrays.hashCode(Arrays.java:3140)
	at com.google.common.base.Objects.hashCode(Objects.java:77)
	at com.tcc.elearning.app.entity.Curso.hashCode(Curso.java:56)
	at java.util.Arrays.hashCode(Arrays.java:3140)
	at com.google.common.base.Objects.hashCode(Objects.java:77)
	at com.tcc.elearning.app.entity.Curso.hashCode(Curso.java:56)
	at java.util.Arrays.hashCode(Arrays.java:3140)
	at com.google.common.base.Objects.hashCode(Objects.java:77)
	at com.tcc.elearning.app.entity.Curso.hashCode(Curso.java:56)
	at java.util.Arrays.hashCode(Arrays.java:3140)
	at com.google.common.base.Objects.hashCode(Objects.java:77)
	at com.tcc.elearning.app.entity.Curso.hashCode(Curso.java:56)
	at java.util.Arrays.hashCode(Arrays.java:3140)
	at com.google.common.base.Objects.hashCode(Objects.java:77)
	at com.tcc.elearning.app.entity.Curso.hashCode(Curso.java:56)
	at java.util.Arrays.hashCode(Arrays.java:3140)
	at com.google.common.base.Objects.hashCode(Objects.java:77)
	at com.tcc.elearning.app.entity.Curso.hashCode(Curso.java:56)
	at java.util.Arrays.hashCode(Arrays.java:3140)
	at com.google.common.base.Objects.hashCode(Objects.java:77)
	at com.tcc.elearning.app.entity.Curso.hashCode(Curso.java:56)
	at java.util.Arrays.hashCode(Arrays.java:3140)
	at com.google.common.base.Objects.hashCode(Objects.java:77)
	at com.tcc.elearning.app.entity.Curso.hashCode(Curso.java:56)
	at java.util.Arrays.hashCode(Arrays.java:3140)
	at com.google.common.base.Objects.hashCode(Objects.java:77)
	at com.tcc.elearning.app.entity.Curso.hashCode(Curso.java:56)
	at java.util.Arrays.hashCode(Arrays.java:3140)
	at com.google.common.base.Objects.hashCode(Objects.java:77)
	at com.tcc.elearning.app.entity.Curso.hashCode(Curso.java:56)
	at java.util.Arrays.hashCode(Arrays.java:3140)
	at com.google.common.base.Objects.hashCode(Objects.java:77)
	at com.tcc.elearning.app.entity.Curso.hashCode(Curso.java:56)
	at java.util.Arrays.hashCode(Arrays.java:3140)
	at com.google.common.base.Objects.hashCode(Objects.java:77)
	at com.tcc.elearning.app.entity.Curso.hashCode(Curso.java:56)
	at java.util.Arrays.hashCode(Arrays.java:3140)
	at com.google.common.base.Objects.hashCode(Objects.java:77)
	at com.tcc.elearning.app.entity.Curso.hashCode(Curso.java:56)
	at java.util.Arrays.hashCode(Arrays.java:3140)
	at com.google.common.base.Objects.hashCode(Objects.java:77)
	at com.tcc.elearning.app.entity.Curso.hashCode(Curso.java:56)
	at java.util.Arrays.hashCode(Arrays.java:3140)
	at com.google.common.base.Objects.hashCode(Objects.java:77)
	at com.tcc.elearning.app.entity.Curso.hashCode(Curso.java:56)
	at java.util.Arrays.hashCode(Arrays.java:3140)
	at com.google.common.base.Objects.hashCode(Objects.java:77)
	at com.tcc.elearning.app.entity.Curso.hashCode(Curso.java:56)
	at java.util.Arrays.hashCode(Arrays.java:3140)
	at com.google.common.base.Objects.hashCode(Objects.java:77)
	at com.tcc.elearning.app.entity.Curso.hashCode(Curso.java:56)
	at java.util.Arrays.hashCode(Arrays.java:3140)
	at com.google.common.base.Objects.hashCode(Objects.java:77)
	at com.tcc.elearning.app.entity.Curso.hashCode(Curso.java:56)
	at java.util.Arrays.hashCode(Arrays.java:3140)
	at com.google.common.base.Objects.hashCode(Objects.java:77)
	at com.tcc.elearning.app.entity.Curso.hashCode(Curso.java:56)
	at java.util.Arrays.hashCode(Arrays.java:3140)
	at com.google.common.base.Objects.hashCode(Objects.java:77)
	at com.tcc.elearning.app.entity.Curso.hashCode(Curso.java:56)
	at java.util.Arrays.hashCode(Arrays.java:3140)
	at com.google.common.base.Objects.hashCode(Objects.java:77)
	at com.tcc.elearning.app.entity.Curso.hashCode(Curso.java:56)
	at java.util.Arrays.hashCode(Arrays.java:3140)
	at com.google.common.base.Objects.hashCode(Objects.java:77)
	at com.tcc.elearning.app.entity.Curso.hashCode(Curso.java:56)
	at java.util.Arrays.hashCode(Arrays.java:3140)
	at com.google.common.base.Objects.hashCode(Objects.java:77)
	at com.tcc.elearning.app.entity.Curso.hashCode(Curso.java:56)
	at java.util.Arrays.hashCode(Arrays.java:3140)
	at com.google.common.base.Objects.hashCode(Objects.java:77)
	at com.tcc.elearning.app.entity.Curso.hashCode(Curso.java:56)
	at java.util.Arrays.hashCode(Arrays.java:3140)
	at com.google.common.base.Objects.hashCode(Objects.java:77)
	at com.tcc.elearning.app.entity.Curso.hashCode(Curso.java:56)
	at java.util.Arrays.hashCode(Arrays.java:3140)
	at com.google.common.base.Objects.hashCode(Objects.java:77)
	at com.tcc.elearning.app.entity.Curso.hashCode(Curso.java:56)
	at java.util.Arrays.hashCode(Arrays.java:3140)
	at com.google.common.base.Objects.hashCode(Objects.java:77)
	at com.tcc.elearning.app.entity.Curso.hashCode(Curso.java:56)
	at java.util.Arrays.hashCode(Arrays.java:3140)
	at com.google.common.base.Objects.hashCode(Objects.java:77)
	at com.tcc.elearning.app.entity.Curso.hashCode(Curso.java:56)
	at java.util.Arrays.hashCode(Arrays.java:3140)
	at com.google.common.base.Objects.hashCode(Objects.java:77)
	at com.tcc.elearning.app.entity.Curso.hashCode(Curso.java:56)
	at java.util.Arrays.hashCode(Arrays.java:3140)
	at com.google.common.base.Objects.hashCode(Objects.java:77)
	at com.tcc.elearning.app.entity.Curso.hashCode(Curso.java:56)
	at java.util.Arrays.hashCode(Arrays.java:3140)
	at com.google.common.base.Objects.hashCode(Objects.java:77)
	at com.tcc.elearning.app.entity.Curso.hashCode(Curso.java:56)
	at java.util.Arrays.hashCode(Arrays.java:3140)
	at com.google.common.base.Objects.hashCode(Objects.java:77)
	at com.tcc.elearning.app.entity.Curso.hashCode(Curso.java:56)
	at java.util.Arrays.hashCode(Arrays.java:3140)
	at com.google.common.base.Objects.hashCode(Objects.java:77)
	at com.tcc.elearning.app.entity.Curso.hashCode(Curso.java:56)
	at java.util.Arrays.hashCode(Arrays.java:3140)
	at com.google.common.base.Objects.hashCode(Objects.java:77)
	at com.tcc.elearning.app.entity.Curso.hashCode(Curso.java:56)
	at java.util.Arrays.hashCode(Arrays.java:3140)
	at com.google.common.base.Objects.hashCode(Objects.java:77)
	at com.tcc.elearning.app.entity.Curso.hashCode(Curso.java:56)
	at java.util.Arrays.hashCode(Arrays.java:3140)
	at com.google.common.base.Objects.hashCode(Objects.java:77)
	at com.tcc.elearning.app.entity.Curso.hashCode(Curso.java:56)
	at java.util.Arrays.hashCode(Arrays.java:3140)
	at com.google.common.base.Objects.hashCode(Objects.java:77)
	at com.tcc.elearning.app.entity.Curso.hashCode(Curso.java:56)
	at java.util.Arrays.hashCode(Arrays.java:3140)
	at com.google.common.base.Objects.hashCode(Objects.java:77)
	at com.tcc.elearning.app.entity.Curso.hashCode(Curso.java:56)
	at java.util.Arrays.hashCode(Arrays.java:3140)
	at com.google.common.base.Objects.hashCode(Objects.java:77)
	at com.tcc.elearning.app.entity.Curso.hashCode(Curso.java:56)
	at java.util.Arrays.hashCode(Arrays.java:3140)
	at com.google.common.base.Objects.hashCode(Objects.java:77)
	at com.tcc.elearning.app.entity.Curso.hashCode(Curso.java:56)
	at java.util.Arrays.hashCode(Arrays.java:3140)
	at com.google.common.base.Objects.hashCode(Objects.java:77)
	at com.tcc.elearning.app.entity.Curso.hashCode(Curso.java:56)
	at java.util.Arrays.hashCode(Arrays.java:3140)
	at com.google.common.base.Objects.hashCode(Objects.java:77)
	at com.tcc.elearning.app.entity.Curso.hashCode(Curso.java:56)
	at java.util.Arrays.hashCode(Arrays.java:3140)
	at com.google.common.base.Objects.hashCode(Objects.java:77)
	at com.tcc.elearning.app.entity.Curso.hashCode(Curso.java:56)
	at java.util.Arrays.hashCode(Arrays.java:3140)
	at com.google.common.base.Objects.hashCode(Objects.java:77)
	at com.tcc.elearning.app.entity.Curso.hashCode(Curso.java:56)
	at java.util.Arrays.hashCode(Arrays.java:3140)
	at com.google.common.base.Objects.hashCode(Objects.java:77)
	at com.tcc.elearning.app.entity.Curso.hashCode(Curso.java:56)
	at java.util.Arrays.hashCode(Arrays.java:3140)
	at com.google.common.base.Objects.hashCode(Objects.java:77)
	at com.tcc.elearning.app.entity.Curso.hashCode(Curso.java:56)
	at java.util.Arrays.hashCode(Arrays.java:3140)
	at com.google.common.base.Objects.hashCode(Objects.java:77)
	at com.tcc.elearning.app.entity.Curso.hashCode(Curso.java:56)
	at java.util.Arrays.hashCode(Arrays.java:3140)
	at com.google.common.base.Objects.hashCode(Objects.java:77)
	at com.tcc.elearning.app.entity.Curso.hashCode(Curso.java:56)
	at java.util.Arrays.hashCode(Arrays.java:3140)
	at com.google.common.base.Objects.hashCode(Objects.java:77)
	at com.tcc.elearning.app.entity.Curso.hashCode(Curso.java:56)
	at java.util.Arrays.hashCode(Arrays.java:3140)
	at com.google.common.base.Objects.hashCode(Objects.java:77)
	at com.tcc.elearning.app.entity.Curso.hashCode(Curso.java:56)
	at java.util.Arrays.hashCode(Arrays.java:3140)
	at com.google.common.base.Objects.hashCode(Objects.java:77)
	at com.tcc.elearning.app.entity.Curso.hashCode(Curso.java:56)
	at java.util.Arrays.hashCode(Arrays.java:3140)
	at com.google.common.base.Objects.hashCode(Objects.java:77)
	at com.tcc.elearning.app.entity.Curso.hashCode(Curso.java:56)
	at java.util.Arrays.hashCode(Arrays.java:3140)
	at com.google.common.base.Objects.hashCode(Objects.java:77)
	at com.tcc.elearning.app.entity.Curso.hashCode(Curso.java:56)
	at java.util.Arrays.hashCode(Arrays.java:3140)
	at com.google.common.base.Objects.hashCode(Objects.java:77)
	at com.tcc.elearning.app.entity.Curso.hashCode(Curso.java:56)
	at java.util.Arrays.hashCode(Arrays.java:3140)
	at com.google.common.base.Objects.hashCode(Objects.java:77)
	at com.tcc.elearning.app.entity.Curso.hashCode(Curso.java:56)
	at java.util.Arrays.hashCode(Arrays.java:3140)
	at com.google.common.base.Objects.hashCode(Objects.java:77)
	at com.tcc.elearning.app.entity.Curso.hashCode(Curso.java:56)
	at java.util.Arrays.hashCode(Arrays.java:3140)
	at com.google.common.base.Objects.hashCode(Objects.java:77)
	at com.tcc.elearning.app.entity.Curso.hashCode(Curso.java:56)
	at java.util.Arrays.hashCode(Arrays.java:3140)
	at com.google.common.base.Objects.hashCode(Objects.java:77)
	at com.tcc.elearning.app.entity.Curso.hashCode(Curso.java:56)
	at java.util.Arrays.hashCode(Arrays.java:3140)
	at com.google.common.base.Objects.hashCode(Objects.java:77)
	at com.tcc.elearning.app.entity.Curso.hashCode(Curso.java:56)
	at java.util.Arrays.hashCode(Arrays.java:3140)
	at com.google.common.base.Objects.hashCode(Objects.java:77)
	at com.tcc.elearning.app.entity.Curso.hashCode(Curso.java:56)
	at java.util.Arrays.hashCode(Arrays.java:3140)
	at com.google.common.base.Objects.hashCode(Objects.java:77)
	at com.tcc.elearning.app.entity.Curso.hashCode(Curso.java:56)
	at java.util.Arrays.hashCode(Arrays.java:3140)
	at com.google.common.base.Objects.hashCode(Objects.java:77)
	at com.tcc.elearning.app.entity.Curso.hashCode(Curso.java:56)
	at java.util.Arrays.hashCode(Arrays.java:3140)
	at com.google.common.base.Objects.hashCode(Objects.java:77)
	at com.tcc.elearning.app.entity.Curso.hashCode(Curso.java:56)
	at java.util.Arrays.hashCode(Arrays.java:3140)
	at com.google.common.base.Objects.hashCode(Objects.java:77)
	at com.tcc.elearning.app.entity.Curso.hashCode(Curso.java:56)
	at java.util.Arrays.hashCode(Arrays.java:3140)
	at com.google.common.base.Objects.hashCode(Objects.java:77)
	at com.tcc.elearning.app.entity.Curso.hashCode(Curso.java:56)
	at java.util.Arrays.hashCode(Arrays.java:3140)
	at com.google.common.base.Objects.hashCode(Objects.java:77)
	at com.tcc.elearning.app.entity.Curso.hashCode(Curso.java:56)
	at java.util.Arrays.hashCode(Arrays.java:3140)
	at com.google.common.base.Objects.hashCode(Objects.java:77)
	at com.tcc.elearning.app.entity.Curso.hashCode(Curso.java:56)
	at java.util.Arrays.hashCode(Arrays.java:3140)
	at com.google.common.base.Objects.hashCode(Objects.java:77)
	at com.tcc.elearning.app.entity.Curso.hashCode(Curso.java:56)
	at java.util.Arrays.hashCode(Arrays.java:3140)
	at com.google.common.base.Objects.hashCode(Objects.java:77)
	at com.tcc.elearning.app.entity.Curso.hashCode(Curso.java:56)
	at java.util.Arrays.hashCode(Arrays.java:3140)
	at com.google.common.base.Objects.hashCode(Objects.java:77)
	at com.tcc.elearning.app.entity.Curso.hashCode(Curso.java:56)
	at java.util.Arrays.hashCode(Arrays.java:3140)
	at com.google.common.base.Objects.hashCode(Objects.java:77)
	at com.tcc.elearning.app.entity.Curso.hashCode(Curso.java:56)
	at java.util.Arrays.hashCode(Arrays.java:3140)
	at com.google.common.base.Objects.hashCode(Objects.java:77)
	at com.tcc.elearning.app.entity.Curso.hashCode(Curso.java:56)
	at java.util.Arrays.hashCode(Arrays.java:3140)
	at com.google.common.base.Objects.hashCode(Objects.java:77)
	at com.tcc.elearning.app.entity.Curso.hashCode(Curso.java:56)
	at java.util.Arrays.hashCode(Arrays.java:3140)
	at com.google.common.base.Objects.hashCode(Objects.java:77)
	at com.tcc.elearning.app.entity.Curso.hashCode(Curso.java:56)
	at java.util.Arrays.hashCode(Arrays.java:3140)
	at com.google.common.base.Objects.hashCode(Objects.java:77)
	at com.tcc.elearning.app.entity.Curso.hashCode(Curso.java:56)
	at java.util.Arrays.hashCode(Arrays.java:3140)
	at com.google.common.base.Objects.hashCode(Objects.java:77)
	at com.tcc.elearning.app.entity.Curso.hashCode(Curso.java:56)
	at java.util.Arrays.hashCode(Arrays.java:3140)
	at com.google.common.base.Objects.hashCode(Objects.java:77)
	at com.tcc.elearning.app.entity.Curso.hashCode(Curso.java:56)
	at java.util.Arrays.hashCode(Arrays.java:3140)
	at com.google.common.base.Objects.hashCode(Objects.java:77)
	at com.tcc.elearning.app.entity.Curso.hashCode(Curso.java:56)
	at java.util.Arrays.hashCode(Arrays.java:3140)
	at com.google.common.base.Objects.hashCode(Objects.java:77)
	at com.tcc.elearning.app.entity.Curso.hashCode(Curso.java:56)
	at java.util.Arrays.hashCode(Arrays.java:3140)
	at com.google.common.base.Objects.hashCode(Objects.java:77)
	at com.tcc.elearning.app.entity.Curso.hashCode(Curso.java:56)
	at java.util.Arrays.hashCode(Arrays.java:3140)
	at com.google.common.base.Objects.hashCode(Objects.java:77)
	at com.tcc.elearning.app.entity.Curso.hashCode(Curso.java:56)
	at java.util.Arrays.hashCode(Arrays.java:3140)
	at com.google.common.base.Objects.hashCode(Objects.java:77)
	at com.tcc.elearning.app.entity.Curso.hashCode(Curso.java:56)
	at java.util.Arrays.hashCode(Arrays.java:3140)
	at com.google.common.base.Objects.hashCode(Objects.java:77)
	at com.tcc.elearning.app.entity.Curso.hashCode(Curso.java:56)
	at java.util.Arrays.hashCode(Arrays.java:3140)
	at com.google.common.base.Objects.hashCode(Objects.java:77)
	at com.tcc.elearning.app.entity.Curso.hashCode(Curso.java:56)
	at java.util.Arrays.hashCode(Arrays.java:3140)
	at com.google.common.base.Objects.hashCode(Objects.java:77)
	at com.tcc.elearning.app.entity.Curso.hashCode(Curso.java:56)
	at java.util.Arrays.hashCode(Arrays.java:3140)
	at com.google.common.base.Objects.hashCode(Objects.java:77)
	at com.tcc.elearning.app.entity.Curso.hashCode(Curso.java:56)
	at java.util.Arrays.hashCode(Arrays.java:3140)
	at com.google.common.base.Objects.hashCode(Objects.java:77)
	at com.tcc.elearning.app.entity.Curso.hashCode(Curso.java:56)
	at java.util.Arrays.hashCode(Arrays.java:3140)
	at com.google.common.base.Objects.hashCode(Objects.java:77)
	at com.tcc.elearning.app.entity.Curso.hashCode(Curso.java:56)
	at java.util.Arrays.hashCode(Arrays.java:3140)
	at com.google.common.base.Objects.hashCode(Objects.java:77)
	at com.tcc.elearning.app.entity.Curso.hashCode(Curso.java:56)
	at java.util.Arrays.hashCode(Arrays.java:3140)
	at com.google.common.base.Objects.hashCode(Objects.java:77)
	at com.tcc.elearning.app.entity.Curso.hashCode(Curso.java:56)
	at java.util.Arrays.hashCode(Arrays.java:3140)
	at com.google.common.base.Objects.hashCode(Objects.java:77)
	at com.tcc.elearning.app.entity.Curso.hashCode(Curso.java:56)
	at java.util.Arrays.hashCode(Arrays.java:3140)
	at com.google.common.base.Objects.hashCode(Objects.java:77)
	at com.tcc.elearning.app.entity.Curso.hashCode(Curso.java:56)
	at java.util.Arrays.hashCode(Arrays.java:3140)
	at com.google.common.base.Objects.hashCode(Objects.java:77)
	at com.tcc.elearning.app.entity.Curso.hashCode(Curso.java:56)
	at java.util.Arrays.hashCode(Arrays.java:3140)
	at com.google.common.base.Objects.hashCode(Objects.java:77)
	at com.tcc.elearning.app.entity.Curso.hashCode(Curso.java:56)
	at java.util.Arrays.hashCode(Arrays.java:3140)
	at com.google.common.base.Objects.hashCode(Objects.java:77)
	at com.tcc.elearning.app.entity.Curso.hashCode(Curso.java:56)
	at java.util.Arrays.hashCode(Arrays.java:3140)
	at com.google.common.base.Objects.hashCode(Objects.java:77)
	at com.tcc.elearning.app.entity.Curso.hashCode(Curso.java:56)
	at java.util.Arrays.hashCode(Arrays.java:3140)
	at com.google.common.base.Objects.hashCode(Objects.java:77)
	at com.tcc.elearning.app.entity.Curso.hashCode(Curso.java:56)
	at java.util.Arrays.hashCode(Arrays.java:3140)
	at com.google.common.base.Objects.hashCode(Objects.java:77)
	at com.tcc.elearning.app.entity.Curso.hashCode(Curso.java:56)
	at java.util.Arrays.hashCode(Arrays.java:3140)
	at com.google.common.base.Objects.hashCode(Objects.java:77)
	at com.tcc.elearning.app.entity.Curso.hashCode(Curso.java:56)
	at java.util.Arrays.hashCode(Arrays.java:3140)
	at com.google.common.base.Objects.hashCode(Objects.java:77)
	at com.tcc.elearning.app.entity.Curso.hashCode(Curso.java:56)
	at java.util.Arrays.hashCode(Arrays.java:3140)
	at com.google.common.base.Objects.hashCode(Objects.java:77)
	at com.tcc.elearning.app.entity.Curso.hashCode(Curso.java:56)
	at java.util.Arrays.hashCode(Arrays.java:3140)
	at com.google.common.base.Objects.hashCode(Objects.java:77)
	at com.tcc.elearning.app.entity.Curso.hashCode(Curso.java:56)
	at java.util.Arrays.hashCode(Arrays.java:3140)
	at com.google.common.base.Objects.hashCode(Objects.java:77)
	at com.tcc.elearning.app.entity.Curso.hashCode(Curso.java:56)
	at java.util.Arrays.hashCode(Arrays.java:3140)
	at com.google.common.base.Objects.hashCode(Objects.java:77)
	at com.tcc.elearning.app.entity.Curso.hashCode(Curso.java:56)
	at java.util.Arrays.hashCode(Arrays.java:3140)
	at com.google.common.base.Objects.hashCode(Objects.java:77)
	at com.tcc.elearning.app.entity.Curso.hashCode(Curso.java:56)
	at java.util.Arrays.hashCode(Arrays.java:3140)
	at com.google.common.base.Objects.hashCode(Objects.java:77)
	at com.tcc.elearning.app.entity.Curso.hashCode(Curso.java:56)
	at java.util.Arrays.hashCode(Arrays.java:3140)
	at com.google.common.base.Objects.hashCode(Objects.java:77)
	at com.tcc.elearning.app.entity.Curso.hashCode(Curso.java:56)
	at java.util.Arrays.hashCode(Arrays.java:3140)
	at com.google.common.base.Objects.hashCode(Objects.java:77)
	at com.tcc.elearning.app.entity.Curso.hashCode(Curso.java:56)
	at java.util.Arrays.hashCode(Arrays.java:3140)
	at com.google.common.base.Objects.hashCode(Objects.java:77)
	at com.tcc.elearning.app.entity.Curso.hashCode(Curso.java:56)
	at java.util.Arrays.hashCode(Arrays.java:3140)
	at com.google.common.base.Objects.hashCode(Objects.java:77)
	at com.tcc.elearning.app.entity.Curso.hashCode(Curso.java:56)
	at java.util.Arrays.hashCode(Arrays.java:3140)
	at com.google.common.base.Objects.hashCode(Objects.java:77)
	at com.tcc.elearning.app.entity.Curso.hashCode(Curso.java:56)
	at java.util.Arrays.hashCode(Arrays.java:3140)
	at com.google.common.base.Objects.hashCode(Objects.java:77)
	at com.tcc.elearning.app.entity.Curso.hashCode(Curso.java:56)
	at java.util.Arrays.hashCode(Arrays.java:3140)
	at com.google.common.base.Objects.hashCode(Objects.java:77)
	at com.tcc.elearning.app.entity.Curso.hashCode(Curso.java:56)
	at java.util.Arrays.hashCode(Arrays.java:3140)
	at com.google.common.base.Objects.hashCode(Objects.java:77)
	at com.tcc.elearning.app.entity.Curso.hashCode(Curso.java:56)
	at java.util.Arrays.hashCode(Arrays.java:3140)
	at com.google.common.base.Objects.hashCode(Objects.java:77)
	at com.tcc.elearning.app.entity.Curso.hashCode(Curso.java:56)
	at java.util.Arrays.hashCode(Arrays.java:3140)
	at com.google.common.base.Objects.hashCode(Objects.java:77)
	at com.tcc.elearning.app.entity.Curso.hashCode(Curso.java:56)
	at java.util.Arrays.hashCode(Arrays.java:3140)
	at com.google.common.base.Objects.hashCode(Objects.java:77)
	at com.tcc.elearning.app.entity.Curso.hashCode(Curso.java:56)
	at java.util.Arrays.hashCode(Arrays.java:3140)
	at com.google.common.base.Objects.hashCode(Objects.java:77)
	at com.tcc.elearning.app.entity.Curso.hashCode(Curso.java:56)
	at java.util.Arrays.hashCode(Arrays.java:3140)
	at com.google.common.base.Objects.hashCode(Objects.java:77)
	at com.tcc.elearning.app.entity.Curso.hashCode(Curso.java:56)
	at java.util.Arrays.hashCode(Arrays.java:3140)
	at com.google.common.base.Objects.hashCode(Objects.java:77)
	at com.tcc.elearning.app.entity.Curso.hashCode(Curso.java:56)
	at java.util.Arrays.hashCode(Arrays.java:3140)
	at com.google.common.base.Objects.hashCode(Objects.java:77)
	at com.tcc.elearning.app.entity.Curso.hashCode(Curso.java:56)
	at java.util.Arrays.hashCode(Arrays.java:3140)
	at com.google.common.base.Objects.hashCode(Objects.java:77)
	at com.tcc.elearning.app.entity.Curso.hashCode(Curso.java:56)
	at java.util.Arrays.hashCode(Arrays.java:3140)
	at com.google.common.base.Objects.hashCode(Objects.java:77)
	at com.tcc.elearning.app.entity.Curso.hashCode(Curso.java:56)
	at java.util.Arrays.hashCode(Arrays.java:3140)
	at com.google.common.base.Objects.hashCode(Objects.java:77)
	at com.tcc.elearning.app.entity.Curso.hashCode(Curso.java:56)
	at java.util.Arrays.hashCode(Arrays.java:3140)
	at com.google.common.base.Objects.hashCode(Objects.java:77)
	at com.tcc.elearning.app.entity.Curso.hashCode(Curso.java:56)
	at java.util.Arrays.hashCode(Arrays.java:3140)
	at com.google.common.base.Objects.hashCode(Objects.java:77)
	at com.tcc.elearning.app.entity.Curso.hashCode(Curso.java:56)
	at java.util.Arrays.hashCode(Arrays.java:3140)
	at com.google.common.base.Objects.hashCode(Objects.java:77)
	at com.tcc.elearning.app.entity.Curso.hashCode(Curso.java:56)
	at java.util.Arrays.hashCode(Arrays.java:3140)
	at com.google.common.base.Objects.hashCode(Objects.java:77)
	at com.tcc.elearning.app.entity.Curso.hashCode(Curso.java:56)
	at java.util.Arrays.hashCode(Arrays.java:3140)
	at com.google.common.base.Objects.hashCode(Objects.java:77)
	at com.tcc.elearning.app.entity.Curso.hashCode(Curso.java:56)
	at java.util.Arrays.hashCode(Arrays.java:3140)
	at com.google.common.base.Objects.hashCode(Objects.java:77)
	at com.tcc.elearning.app.entity.Curso.hashCode(Curso.java:56)
	at java.util.Arrays.hashCode(Arrays.java:3140)
	at com.google.common.base.Objects.hashCode(Objects.java:77)
	at com.tcc.elearning.app.entity.Curso.hashCode(Curso.java:56)
	at java.util.Arrays.hashCode(Arrays.java:3140)
	at com.google.common.base.Objects.hashCode(Objects.java:77)
	at com.tcc.elearning.app.entity.Curso.hashCode(Curso.java:56)
	at java.util.Arrays.hashCode(Arrays.java:3140)
	at com.google.common.base.Objects.hashCode(Objects.java:77)
	at com.tcc.elearning.app.entity.Curso.hashCode(Curso.java:56)
	at java.util.Arrays.hashCode(Arrays.java:3140)
	at com.google.common.base.Objects.hashCode(Objects.java:77)
	at com.tcc.elearning.app.entity.Curso.hashCode(Curso.java:56)
	at java.util.Arrays.hashCode(Arrays.java:3140)
	at com.google.common.base.Objects.hashCode(Objects.java:77)
	at com.tcc.elearning.app.entity.Curso.hashCode(Curso.java:56)
	at java.util.Arrays.hashCode(Arrays.java:3140)
	at com.google.common.base.Objects.hashCode(Objects.java:77)
	at com.tcc.elearning.app.entity.Curso.hashCode(Curso.java:56)
	at java.util.Arrays.hashCode(Arrays.java:3140)
	at com.google.common.base.Objects.hashCode(Objects.java:77)
	at com.tcc.elearning.app.entity.Curso.hashCode(Curso.java:56)
	at java.util.Arrays.hashCode(Arrays.java:3140)
	at com.google.common.base.Objects.hashCode(Objects.java:77)
	at com.tcc.elearning.app.entity.Curso.hashCode(Curso.java:56)
	at java.util.Arrays.hashCode(Arrays.java:3140)
	at com.google.common.base.Objects.hashCode(Objects.java:77)
	at com.tcc.elearning.app.entity.Curso.hashCode(Curso.java:56)
	at java.util.Arrays.hashCode(Arrays.java:3140)
	at com.google.common.base.Objects.hashCode(Objects.java:77)
	at com.tcc.elearning.app.entity.Curso.hashCode(Curso.java:56)
	at java.util.Arrays.hashCode(Arrays.java:3140)
	at com.google.common.base.Objects.hashCode(Objects.java:77)
	at com.tcc.elearning.app.entity.Curso.hashCode(Curso.java:56)
	at java.util.Arrays.hashCode(Arrays.java:3140)
	at com.google.common.base.Objects.hashCode(Objects.java:77)
	at com.tcc.elearning.app.entity.Curso.hashCode(Curso.java:56)
	at java.util.Arrays.hashCode(Arrays.java:3140)
	at com.google.common.base.Objects.hashCode(Objects.java:77)
	at com.tcc.elearning.app.entity.Curso.hashCode(Curso.java:56)
	at java.util.Arrays.hashCode(Arrays.java:3140)
	at com.google.common.base.Objects.hashCode(Objects.java:77)
	at com.tcc.elearning.app.entity.Curso.hashCode(Curso.java:56)
	at java.util.Arrays.hashCode(Arrays.java:3140)
	at com.google.common.base.Objects.hashCode(Objects.java:77)
	at com.tcc.elearning.app.entity.Curso.hashCode(Curso.java:56)
	at java.util.Arrays.hashCode(Arrays.java:3140)
	at com.google.common.base.Objects.hashCode(Objects.java:77)
	at com.tcc.elearning.app.entity.Curso.hashCode(Curso.java:56)
	at java.util.Arrays.hashCode(Arrays.java:3140)
	at com.google.common.base.Objects.hashCode(Objects.java:77)
	at com.tcc.elearning.app.entity.Curso.hashCode(Curso.java:56)
	at java.util.Arrays.hashCode(Arrays.java:3140)
	at com.google.common.base.Objects.hashCode(Objects.java:77)
	at com.tcc.elearning.app.entity.Curso.hashCode(Curso.java:56)
	at java.util.Arrays.hashCode(Arrays.java:3140)
	at com.google.common.base.Objects.hashCode(Objects.java:77)
	at com.tcc.elearning.app.entity.Curso.hashCode(Curso.java:56)
	at java.util.Arrays.hashCode(Arrays.java:3140)
	at com.google.common.base.Objects.hashCode(Objects.java:77)
	at com.tcc.elearning.app.entity.Curso.hashCode(Curso.java:56)
	at java.util.Arrays.hashCode(Arrays.java:3140)
	at com.google.common.base.Objects.hashCode(Objects.java:77)
	at com.tcc.elearning.app.entity.Curso.hashCode(Curso.java:56)
	at java.util.Arrays.hashCode(Arrays.java:3140)
	at com.google.common.base.Objects.hashCode(Objects.java:77)
	at com.tcc.elearning.app.entity.Curso.hashCode(Curso.java:56)
	at java.util.Arrays.hashCode(Arrays.java:3140)
	at com.google.common.base.Objects.hashCode(Objects.java:77)
	at com.tcc.elearning.app.entity.Curso.hashCode(Curso.java:56)
	at java.util.Arrays.hashCode(Arrays.java:3140)
	at com.google.common.base.Objects.hashCode(Objects.java:77)
	at com.tcc.elearning.app.entity.Curso.hashCode(Curso.java:56)
	at java.util.Arrays.hashCode(Arrays.java:3140)
	at com.google.common.base.Objects.hashCode(Objects.java:77)
	at com.tcc.elearning.app.entity.Curso.hashCode(Curso.java:56)
	at java.util.Arrays.hashCode(Arrays.java:3140)
	at com.google.common.base.Objects.hashCode(Objects.java:77)
	at com.tcc.elearning.app.entity.Curso.hashCode(Curso.java:56)
	at java.util.Arrays.hashCode(Arrays.java:3140)
	at com.google.common.base.Objects.hashCode(Objects.java:77)
	at com.tcc.elearning.app.entity.Curso.hashCode(Curso.java:56)
	at java.util.Arrays.hashCode(Arrays.java:3140)
	at com.google.common.base.Objects.hashCode(Objects.java:77)
	at com.tcc.elearning.app.entity.Curso.hashCode(Curso.java:56)
	at java.util.Arrays.hashCode(Arrays.java:3140)
	at com.google.common.base.Objects.hashCode(Objects.java:77)
	at com.tcc.elearning.app.entity.Curso.hashCode(Curso.java:56)
	at java.util.Arrays.hashCode(Arrays.java:3140)
	at com.google.common.base.Objects.hashCode(Objects.java:77)
	at com.tcc.elearning.app.entity.Curso.hashCode(Curso.java:56)
	at java.util.Arrays.hashCode(Arrays.java:3140)
	at com.google.common.base.Objects.hashCode(Objects.java:77)
	at com.tcc.elearning.app.entity.Curso.hashCode(Curso.java:56)
	at java.util.Arrays.hashCode(Arrays.java:3140)
	at com.google.common.base.Objects.hashCode(Objects.java:77)
	at com.tcc.elearning.app.entity.Curso.hashCode(Curso.java:56)
	at java.util.Arrays.hashCode(Arrays.java:3140)
	at com.google.common.base.Objects.hashCode(Objects.java:77)
	at com.tcc.elearning.app.entity.Curso.hashCode(Curso.java:56)
	at java.util.Arrays.hashCode(Arrays.java:3140)
	at com.google.common.base.Objects.hashCode(Objects.java:77)
	at com.tcc.elearning.app.entity.Curso.hashCode(Curso.java:56)
	at java.util.Arrays.hashCode(Arrays.java:3140)
	at com.google.common.base.Objects.hashCode(Objects.java:77)
	at com.tcc.elearning.app.entity.Curso.hashCode(Curso.java:56)
	at java.util.Arrays.hashCode(Arrays.java:3140)
	at com.google.common.base.Objects.hashCode(Objects.java:77)
	at com.tcc.elearning.app.entity.Curso.hashCode(Curso.java:56)
	at java.util.Arrays.hashCode(Arrays.java:3140)
	at com.google.common.base.Objects.hashCode(Objects.java:77)
	at com.tcc.elearning.app.entity.Curso.hashCode(Curso.java:56)
	at java.util.Arrays.hashCode(Arrays.java:3140)
	at com.google.common.base.Objects.hashCode(Objects.java:77)
	at com.tcc.elearning.app.entity.Curso.hashCode(Curso.java:56)
	at java.util.Arrays.hashCode(Arrays.java:3140)
	at com.google.common.base.Objects.hashCode(Objects.java:77)
	at com.tcc.elearning.app.entity.Curso.hashCode(Curso.java:56)
	at java.util.Arrays.hashCode(Arrays.java:3140)
	at com.google.common.base.Objects.hashCode(Objects.java:77)
	at com.tcc.elearning.app.entity.Curso.hashCode(Curso.java:56)
	at java.util.Arrays.hashCode(Arrays.java:3140)
	at com.google.common.base.Objects.hashCode(Objects.java:77)
	at com.tcc.elearning.app.entity.Curso.hashCode(Curso.java:56)
	at java.util.Arrays.hashCode(Arrays.java:3140)
	at com.google.common.base.Objects.hashCode(Objects.java:77)
	at com.tcc.elearning.app.entity.Curso.hashCode(Curso.java:56)
	at java.util.Arrays.hashCode(Arrays.java:3140)
	at com.google.common.base.Objects.hashCode(Objects.java:77)
	at com.tcc.elearning.app.entity.Curso.hashCode(Curso.java:56)
	at java.util.Arrays.hashCode(Arrays.java:3140)
	at com.google.common.base.Objects.hashCode(Objects.java:77)
	at com.tcc.elearning.app.entity.Curso.hashCode(Curso.java:56)
	at java.util.Arrays.hashCode(Arrays.java:3140)
	at com.google.common.base.Objects.hashCode(Objects.java:77)
	at com.tcc.elearning.app.entity.Curso.hashCode(Curso.java:56)
	at java.util.Arrays.hashCode(Arrays.java:3140)
	at com.google.common.base.Objects.hashCode(Objects.java:77)
	at com.tcc.elearning.app.entity.Curso.hashCode(Curso.java:56)
	at java.util.Arrays.hashCode(Arrays.java:3140)
	at com.google.common.base.Objects.hashCode(Objects.java:77)
	at com.tcc.elearning.app.entity.Curso.hashCode(Curso.java:56)
	at java.util.Arrays.hashCode(Arrays.java:3140)
	at com.google.common.base.Objects.hashCode(Objects.java:77)
	at com.tcc.elearning.app.entity.Curso.hashCode(Curso.java:56)
	at java.util.Arrays.hashCode(Arrays.java:3140)
	at com.google.common.base.Objects.hashCode(Objects.java:77)
	at com.tcc.elearning.app.entity.Curso.hashCode(Curso.java:56)
	at java.util.Arrays.hashCode(Arrays.java:3140)
	at com.google.common.base.Objects.hashCode(Objects.java:77)
	at com.tcc.elearning.app.entity.Curso.hashCode(Curso.java:56)
	at java.util.Arrays.hashCode(Arrays.java:3140)
	at com.google.common.base.Objects.hashCode(Objects.java:77)
	at com.tcc.elearning.app.entity.Curso.hashCode(Curso.java:56)
	at java.util.Arrays.hashCode(Arrays.java:3140)
	at com.google.common.base.Objects.hashCode(Objects.java:77)
	at com.tcc.elearning.app.entity.Curso.hashCode(Curso.java:56)
	at java.util.Arrays.hashCode(Arrays.java:3140)
	at com.google.common.base.Objects.hashCode(Objects.java:77)
	at com.tcc.elearning.app.entity.Curso.hashCode(Curso.java:56)
	at java.util.Arrays.hashCode(Arrays.java:3140)
	at com.google.common.base.Objects.hashCode(Objects.java:77)
	at com.tcc.elearning.app.entity.Curso.hashCode(Curso.java:56)
	at java.util.Arrays.hashCode(Arrays.java:3140)
	at com.google.common.base.Objects.hashCode(Objects.java:77)
	at com.tcc.elearning.app.entity.Curso.hashCode(Curso.java:56)
	at java.util.Arrays.hashCode(Arrays.java:3140)
	at com.google.common.base.Objects.hashCode(Objects.java:77)
	at com.tcc.elearning.app.entity.Curso.hashCode(Curso.java:56)
	at java.util.Arrays.hashCode(Arrays.java:3140)
	at com.google.common.base.Objects.hashCode(Objects.java:77)
	at com.tcc.elearning.app.entity.Curso.hashCode(Curso.java:56)
	at java.util.Arrays.hashCode(Arrays.java:3140)
	at com.google.common.base.Objects.hashCode(Objects.java:77)
	at com.tcc.elearning.app.entity.Curso.hashCode(Curso.java:56)
	at java.util.Arrays.hashCode(Arrays.java:3140)
	at com.google.common.base.Objects.hashCode(Objects.java:77)
	at com.tcc.elearning.app.entity.Curso.hashCode(Curso.java:56)
	at java.util.Arrays.hashCode(Arrays.java:3140)
	at com.google.common.base.Objects.hashCode(Objects.java:77)
	at com.tcc.elearning.app.entity.Curso.hashCode(Curso.java:56)
	at java.util.Arrays.hashCode(Arrays.java:3140)
	at com.google.common.base.Objects.hashCode(Objects.java:77)
	at com.tcc.elearning.app.entity.Curso.hashCode(Curso.java:56)
	at java.util.Arrays.hashCode(Arrays.java:3140)
	at com.google.common.base.Objects.hashCode(Objects.java:77)
	at com.tcc.elearning.app.entity.Curso.hashCode(Curso.java:56)
	at java.util.Arrays.hashCode(Arrays.java:3140)
	at com.google.common.base.Objects.hashCode(Objects.java:77)
	at com.tcc.elearning.app.entity.Curso.hashCode(Curso.java:56)
	at java.util.Arrays.hashCode(Arrays.java:3140)
	at com.google.common.base.Objects.hashCode(Objects.java:77)
	at com.tcc.elearning.app.entity.Curso.hashCode(Curso.java:56)
	at java.util.Arrays.hashCode(Arrays.java:3140)
	at com.google.common.base.Objects.hashCode(Objects.java:77)
	at com.tcc.elearning.app.entity.Curso.hashCode(Curso.java:56)
	at java.util.Arrays.hashCode(Arrays.java:3140)
	at com.google.common.base.Objects.hashCode(Objects.java:77)
	at com.tcc.elearning.app.entity.Curso.hashCode(Curso.java:56)
	at java.util.Arrays.hashCode(Arrays.java:3140)
	at com.google.common.base.Objects.hashCode(Objects.java:77)
	at com.tcc.elearning.app.entity.Curso.hashCode(Curso.java:56)
	at java.util.Arrays.hashCode(Arrays.java:3140)
	at com.google.common.base.Objects.hashCode(Objects.java:77)
	at com.tcc.elearning.app.entity.Curso.hashCode(Curso.java:56)
	at java.util.Arrays.hashCode(Arrays.java:3140)
	at com.google.common.base.Objects.hashCode(Objects.java:77)
	at com.tcc.elearning.app.entity.Curso.hashCode(Curso.java:56)
	at java.util.Arrays.hashCode(Arrays.java:3140)
	at com.google.common.base.Objects.hashCode(Objects.java:77)
	at com.tcc.elearning.app.entity.Curso.hashCode(Curso.java:56)
	at java.util.Arrays.hashCode(Arrays.java:3140)
	at com.google.common.base.Objects.hashCode(Objects.java:77)
	at com.tcc.elearning.app.entity.Curso.hashCode(Curso.java:56)
	at java.util.Arrays.hashCode(Arrays.java:3140)
	at com.google.common.base.Objects.hashCode(Objects.java:77)
	at com.tcc.elearning.app.entity.Curso.hashCode(Curso.java:56)
	at java.util.Arrays.hashCode(Arrays.java:3140)
	at com.google.common.base.Objects.hashCode(Objects.java:77)
	at com.tcc.elearning.app.entity.Curso.hashCode(Curso.java:56)
	at java.util.Arrays.hashCode(Arrays.java:3140)
	at com.google.common.base.Objects.hashCode(Objects.java:77)
	at com.tcc.elearning.app.entity.Curso.hashCode(Curso.java:56)
	at java.util.Arrays.hashCode(Arrays.java:3140)
	at com.google.common.base.Objects.hashCode(Objects.java:77)
	at com.tcc.elearning.app.entity.Curso.hashCode(Curso.java:56)
	at java.util.Arrays.hashCode(Arrays.java:3140)
	at com.google.common.base.Objects.hashCode(Objects.java:77)
	at com.tcc.elearning.app.entity.Curso.hashCode(Curso.java:56)
	at java.util.Arrays.hashCode(Arrays.java:3140)
	at com.google.common.base.Objects.hashCode(Objects.java:77)
	at com.tcc.elearning.app.entity.Curso.hashCode(Curso.java:56)
	at java.util.Arrays.hashCode(Arrays.java:3140)
	at com.google.common.base.Objects.hashCode(Objects.java:77)
	at com.tcc.elearning.app.entity.Curso.hashCode(Curso.java:56)
	at java.util.Arrays.hashCode(Arrays.java:3140)
	at com.google.common.base.Objects.hashCode(Objects.java:77)
	at com.tcc.elearning.app.entity.Curso.hashCode(Curso.java:56)
	at java.util.Arrays.hashCode(Arrays.java:3140)
	at com.google.common.base.Objects.hashCode(Objects.java:77)
	at com.tcc.elearning.app.entity.Curso.hashCode(Curso.java:56)
	at java.util.Arrays.hashCode(Arrays.java:3140)
	at com.google.common.base.Objects.hashCode(Objects.java:77)
	at com.tcc.elearning.app.entity.Curso.hashCode(Curso.java:56)
	at java.util.Arrays.hashCode(Arrays.java:3140)
	at com.google.common.base.Objects.hashCode(Objects.java:77)
	at com.tcc.elearning.app.entity.Curso.hashCode(Curso.java:56)
	at java.util.Arrays.hashCode(Arrays.java:3140)
	at com.google.common.base.Objects.hashCode(Objects.java:77)
	at com.tcc.elearning.app.entity.Curso.hashCode(Curso.java:56)
	at java.util.Arrays.hashCode(Arrays.java:3140)
	at com.google.common.base.Objects.hashCode(Objects.java:77)
	at com.tcc.elearning.app.entity.Curso.hashCode(Curso.java:56)
	at java.util.Arrays.hashCode(Arrays.java:3140)
	at com.google.common.base.Objects.hashCode(Objects.java:77)
	at com.tcc.elearning.app.entity.Curso.hashCode(Curso.java:56)
	at java.util.Arrays.hashCode(Arrays.java:3140)
	at com.google.common.base.Objects.hashCode(Objects.java:77)
	at com.tcc.elearning.app.entity.Curso.hashCode(Curso.java:56)
	at java.util.Arrays.hashCode(Arrays.java:3140)
	at com.google.common.base.Objects.hashCode(Objects.java:77)
	at com.tcc.elearning.app.entity.Curso.hashCode(Curso.java:56)
	at java.util.Arrays.hashCode(Arrays.java:3140)
	at com.google.common.base.Objects.hashCode(Objects.java:77)
	at com.tcc.elearning.app.entity.Curso.hashCode(Curso.java:56)
	at java.util.Arrays.hashCode(Arrays.java:3140)
	at com.google.common.base.Objects.hashCode(Objects.java:77)
	at com.tcc.elearning.app.entity.Curso.hashCode(Curso.java:56)
	at java.util.Arrays.hashCode(Arrays.java:3140)
	at com.google.common.base.Objects.hashCode(Objects.java:77)
	at com.tcc.elearning.app.entity.Curso.hashCode(Curso.java:56)

