-------------------------------------------------------------------------------
Test set: com.tcc.elearning.repository.CursoRepositoryTest
-------------------------------------------------------------------------------
Tests run: 1, Failures: 0, Errors: 1, Skipped: 0, Time elapsed: 1.847 sec <<< FAILURE!
save(com.tcc.elearning.repository.CursoRepositoryTest)  Time elapsed: 1.847 sec  <<< ERROR!
java.lang.StackOverflowError
	at com.tcc.elearning.app.entity.Curso.hashCode(Curso.java:54)
	at java.util.Arrays.hashCode(Arrays.java:3140)
	at com.google.common.base.Objects.hashCode(Objects.java:77)
	at com.tcc.elearning.app.entity.Curso.hashCode(Curso.java:54)
	at java.util.Arrays.hashCode(Arrays.java:3140)
	at com.google.common.base.Objects.hashCode(Objects.java:77)
	at com.tcc.elearning.app.entity.Curso.hashCode(Curso.java:54)
	at java.util.Arrays.hashCode(Arrays.java:3140)
	at com.google.common.base.Objects.hashCode(Objects.java:77)
	at com.tcc.elearning.app.entity.Curso.hashCode(Curso.java:54)
	at java.util.Arrays.hashCode(Arrays.java:3140)
	at com.google.common.base.Objects.hashCode(Objects.java:77)
	at com.tcc.elearning.app.entity.Curso.hashCode(Curso.java:54)
	at java.util.Arrays.hashCode(Arrays.java:3140)
	at com.google.common.base.Objects.hashCode(Objects.java:77)
	at com.tcc.elearning.app.entity.Curso.hashCode(Curso.java:54)
	at java.util.Arrays.hashCode(Arrays.java:3140)
	at com.google.common.base.Objects.hashCode(Objects.java:77)
	at com.tcc.elearning.app.entity.Curso.hashCode(Curso.java:54)
	at java.util.Arrays.hashCode(Arrays.java:3140)
	at com.google.common.base.Objects.hashCode(Objects.java:77)
	at com.tcc.elearning.app.entity.Curso.hashCode(Curso.java:54)
	at java.util.Arrays.hashCode(Arrays.java:3140)
	at com.google.common.base.Objects.hashCode(Objects.java:77)
	at com.tcc.elearning.app.entity.Curso.hashCode(Curso.java:54)
	at java.util.Arrays.hashCode(Arrays.java:3140)
	at com.google.common.base.Objects.hashCode(Objects.java:77)
	at com.tcc.elearning.app.entity.Curso.hashCode(Curso.java:54)
	at java.util.Arrays.hashCode(Arrays.java:3140)
	at com.google.common.base.Objects.hashCode(Objects.java:77)
	at com.tcc.elearning.app.entity.Curso.hashCode(Curso.java:54)
	at java.util.Arrays.hashCode(Arrays.java:3140)
	at com.google.common.base.Objects.hashCode(Objects.java:77)
	at com.tcc.elearning.app.entity.Curso.hashCode(Curso.java:54)
	at java.util.Arrays.hashCode(Arrays.java:3140)
	at com.google.common.base.Objects.hashCode(Objects.java:77)
	at com.tcc.elearning.app.entity.Curso.hashCode(Curso.java:54)
	at java.util.Arrays.hashCode(Arrays.java:3140)
	at com.google.common.base.Objects.hashCode(Objects.java:77)
	at com.tcc.elearning.app.entity.Curso.hashCode(Curso.java:54)
	at java.util.Arrays.hashCode(Arrays.java:3140)
	at com.google.common.base.Objects.hashCode(Objects.java:77)
	at com.tcc.elearning.app.entity.Curso.hashCode(Curso.java:54)
	at java.util.Arrays.hashCode(Arrays.java:3140)
	at com.google.common.base.Objects.hashCode(Objects.java:77)
	at com.tcc.elearning.app.entity.Curso.hashCode(Curso.java:54)
	at java.util.Arrays.hashCode(Arrays.java:3140)
	at com.google.common.base.Objects.hashCode(Objects.java:77)
	at com.tcc.elearning.app.entity.Curso.hashCode(Curso.java:54)
	at java.util.Arrays.hashCode(Arrays.java:3140)
	at com.google.common.base.Objects.hashCode(Objects.java:77)
	at com.tcc.elearning.app.entity.Curso.hashCode(Curso.java:54)
	at java.util.Arrays.hashCode(Arrays.java:3140)
	at com.google.common.base.Objects.hashCode(Objects.java:77)
	at com.tcc.elearning.app.entity.Curso.hashCode(Curso.java:54)
	at java.util.Arrays.hashCode(Arrays.java:3140)
	at com.google.common.base.Objects.hashCode(Objects.java:77)
	at com.tcc.elearning.app.entity.Curso.hashCode(Curso.java:54)
	at java.util.Arrays.hashCode(Arrays.java:3140)
	at com.google.common.base.Objects.hashCode(Objects.java:77)
	at com.tcc.elearning.app.entity.Curso.hashCode(Curso.java:54)
	at java.util.Arrays.hashCode(Arrays.java:3140)
	at com.google.common.base.Objects.hashCode(Objects.java:77)
	at com.tcc.elearning.app.entity.Curso.hashCode(Curso.java:54)
	at java.util.Arrays.hashCode(Arrays.java:3140)
	at com.google.common.base.Objects.hashCode(Objects.java:77)
	at com.tcc.elearning.app.entity.Curso.hashCode(Curso.java:54)
	at java.util.Arrays.hashCode(Arrays.java:3140)
	at com.google.common.base.Objects.hashCode(Objects.java:77)
	at com.tcc.elearning.app.entity.Curso.hashCode(Curso.java:54)
	at java.util.Arrays.hashCode(Arrays.java:3140)
	at com.google.common.base.Objects.hashCode(Objects.java:77)
	at com.tcc.elearning.app.entity.Curso.hashCode(Curso.java:54)
	at java.util.Arrays.hashCode(Arrays.java:3140)
	at com.google.common.base.Objects.hashCode(Objects.java:77)
	at com.tcc.elearning.app.entity.Curso.hashCode(Curso.java:54)
	at java.util.Arrays.hashCode(Arrays.java:3140)
	at com.google.common.base.Objects.hashCode(Objects.java:77)
	at com.tcc.elearning.app.entity.Curso.hashCode(Curso.java:54)
	at java.util.Arrays.hashCode(Arrays.java:3140)
	at com.google.common.base.Objects.hashCode(Objects.java:77)
	at com.tcc.elearning.app.entity.Curso.hashCode(Curso.java:54)
	at java.util.Arrays.hashCode(Arrays.java:3140)
	at com.google.common.base.Objects.hashCode(Objects.java:77)
	at com.tcc.elearning.app.entity.Curso.hashCode(Curso.java:54)
	at java.util.Arrays.hashCode(Arrays.java:3140)
	at com.google.common.base.Objects.hashCode(Objects.java:77)
	at com.tcc.elearning.app.entity.Curso.hashCode(Curso.java:54)
	at java.util.Arrays.hashCode(Arrays.java:3140)
	at com.google.common.base.Objects.hashCode(Objects.java:77)
	at com.tcc.elearning.app.entity.Curso.hashCode(Curso.java:54)
	at java.util.Arrays.hashCode(Arrays.java:3140)
	at com.google.common.base.Objects.hashCode(Objects.java:77)
	at com.tcc.elearning.app.entity.Curso.hashCode(Curso.java:54)
	at java.util.Arrays.hashCode(Arrays.java:3140)
	at com.google.common.base.Objects.hashCode(Objects.java:77)
	at com.tcc.elearning.app.entity.Curso.hashCode(Curso.java:54)
	at java.util.Arrays.hashCode(Arrays.java:3140)
	at com.google.common.base.Objects.hashCode(Objects.java:77)
	at com.tcc.elearning.app.entity.Curso.hashCode(Curso.java:54)
	at java.util.Arrays.hashCode(Arrays.java:3140)
	at com.google.common.base.Objects.hashCode(Objects.java:77)
	at com.tcc.elearning.app.entity.Curso.hashCode(Curso.java:54)
	at java.util.Arrays.hashCode(Arrays.java:3140)
	at com.google.common.base.Objects.hashCode(Objects.java:77)
	at com.tcc.elearning.app.entity.Curso.hashCode(Curso.java:54)
	at java.util.Arrays.hashCode(Arrays.java:3140)
	at com.google.common.base.Objects.hashCode(Objects.java:77)
	at com.tcc.elearning.app.entity.Curso.hashCode(Curso.java:54)
	at java.util.Arrays.hashCode(Arrays.java:3140)
	at com.google.common.base.Objects.hashCode(Objects.java:77)
	at com.tcc.elearning.app.entity.Curso.hashCode(Curso.java:54)
	at java.util.Arrays.hashCode(Arrays.java:3140)
	at com.google.common.base.Objects.hashCode(Objects.java:77)
	at com.tcc.elearning.app.entity.Curso.hashCode(Curso.java:54)
	at java.util.Arrays.hashCode(Arrays.java:3140)
	at com.google.common.base.Objects.hashCode(Objects.java:77)
	at com.tcc.elearning.app.entity.Curso.hashCode(Curso.java:54)
	at java.util.Arrays.hashCode(Arrays.java:3140)
	at com.google.common.base.Objects.hashCode(Objects.java:77)
	at com.tcc.elearning.app.entity.Curso.hashCode(Curso.java:54)
	at java.util.Arrays.hashCode(Arrays.java:3140)
	at com.google.common.base.Objects.hashCode(Objects.java:77)
	at com.tcc.elearning.app.entity.Curso.hashCode(Curso.java:54)
	at java.util.Arrays.hashCode(Arrays.java:3140)
	at com.google.common.base.Objects.hashCode(Objects.java:77)
	at com.tcc.elearning.app.entity.Curso.hashCode(Curso.java:54)
	at java.util.Arrays.hashCode(Arrays.java:3140)
	at com.google.common.base.Objects.hashCode(Objects.java:77)
	at com.tcc.elearning.app.entity.Curso.hashCode(Curso.java:54)
	at java.util.Arrays.hashCode(Arrays.java:3140)
	at com.google.common.base.Objects.hashCode(Objects.java:77)
	at com.tcc.elearning.app.entity.Curso.hashCode(Curso.java:54)
	at java.util.Arrays.hashCode(Arrays.java:3140)
	at com.google.common.base.Objects.hashCode(Objects.java:77)
	at com.tcc.elearning.app.entity.Curso.hashCode(Curso.java:54)
	at java.util.Arrays.hashCode(Arrays.java:3140)
	at com.google.common.base.Objects.hashCode(Objects.java:77)
	at com.tcc.elearning.app.entity.Curso.hashCode(Curso.java:54)
	at java.util.Arrays.hashCode(Arrays.java:3140)
	at com.google.common.base.Objects.hashCode(Objects.java:77)
	at com.tcc.elearning.app.entity.Curso.hashCode(Curso.java:54)
	at java.util.Arrays.hashCode(Arrays.java:3140)
	at com.google.common.base.Objects.hashCode(Objects.java:77)
	at com.tcc.elearning.app.entity.Curso.hashCode(Curso.java:54)
	at java.util.Arrays.hashCode(Arrays.java:3140)
	at com.google.common.base.Objects.hashCode(Objects.java:77)
	at com.tcc.elearning.app.entity.Curso.hashCode(Curso.java:54)
	at java.util.Arrays.hashCode(Arrays.java:3140)
	at com.google.common.base.Objects.hashCode(Objects.java:77)
	at com.tcc.elearning.app.entity.Curso.hashCode(Curso.java:54)
	at java.util.Arrays.hashCode(Arrays.java:3140)
	at com.google.common.base.Objects.hashCode(Objects.java:77)
	at com.tcc.elearning.app.entity.Curso.hashCode(Curso.java:54)
	at java.util.Arrays.hashCode(Arrays.java:3140)
	at com.google.common.base.Objects.hashCode(Objects.java:77)
	at com.tcc.elearning.app.entity.Curso.hashCode(Curso.java:54)
	at java.util.Arrays.hashCode(Arrays.java:3140)
	at com.google.common.base.Objects.hashCode(Objects.java:77)
	at com.tcc.elearning.app.entity.Curso.hashCode(Curso.java:54)
	at java.util.Arrays.hashCode(Arrays.java:3140)
	at com.google.common.base.Objects.hashCode(Objects.java:77)
	at com.tcc.elearning.app.entity.Curso.hashCode(Curso.java:54)
	at java.util.Arrays.hashCode(Arrays.java:3140)
	at com.google.common.base.Objects.hashCode(Objects.java:77)
	at com.tcc.elearning.app.entity.Curso.hashCode(Curso.java:54)
	at java.util.Arrays.hashCode(Arrays.java:3140)
	at com.google.common.base.Objects.hashCode(Objects.java:77)
	at com.tcc.elearning.app.entity.Curso.hashCode(Curso.java:54)
	at java.util.Arrays.hashCode(Arrays.java:3140)
	at com.google.common.base.Objects.hashCode(Objects.java:77)
	at com.tcc.elearning.app.entity.Curso.hashCode(Curso.java:54)
	at java.util.Arrays.hashCode(Arrays.java:3140)
	at com.google.common.base.Objects.hashCode(Objects.java:77)
	at com.tcc.elearning.app.entity.Curso.hashCode(Curso.java:54)
	at java.util.Arrays.hashCode(Arrays.java:3140)
	at com.google.common.base.Objects.hashCode(Objects.java:77)
	at com.tcc.elearning.app.entity.Curso.hashCode(Curso.java:54)
	at java.util.Arrays.hashCode(Arrays.java:3140)
	at com.google.common.base.Objects.hashCode(Objects.java:77)
	at com.tcc.elearning.app.entity.Curso.hashCode(Curso.java:54)
	at java.util.Arrays.hashCode(Arrays.java:3140)
	at com.google.common.base.Objects.hashCode(Objects.java:77)
	at com.tcc.elearning.app.entity.Curso.hashCode(Curso.java:54)
	at java.util.Arrays.hashCode(Arrays.java:3140)
	at com.google.common.base.Objects.hashCode(Objects.java:77)
	at com.tcc.elearning.app.entity.Curso.hashCode(Curso.java:54)
	at java.util.Arrays.hashCode(Arrays.java:3140)
	at com.google.common.base.Objects.hashCode(Objects.java:77)
	at com.tcc.elearning.app.entity.Curso.hashCode(Curso.java:54)
	at java.util.Arrays.hashCode(Arrays.java:3140)
	at com.google.common.base.Objects.hashCode(Objects.java:77)
	at com.tcc.elearning.app.entity.Curso.hashCode(Curso.java:54)
	at java.util.Arrays.hashCode(Arrays.java:3140)
	at com.google.common.base.Objects.hashCode(Objects.java:77)
	at com.tcc.elearning.app.entity.Curso.hashCode(Curso.java:54)
	at java.util.Arrays.hashCode(Arrays.java:3140)
	at com.google.common.base.Objects.hashCode(Objects.java:77)
	at com.tcc.elearning.app.entity.Curso.hashCode(Curso.java:54)
	at java.util.Arrays.hashCode(Arrays.java:3140)
	at com.google.common.base.Objects.hashCode(Objects.java:77)
	at com.tcc.elearning.app.entity.Curso.hashCode(Curso.java:54)
	at java.util.Arrays.hashCode(Arrays.java:3140)
	at com.google.common.base.Objects.hashCode(Objects.java:77)
	at com.tcc.elearning.app.entity.Curso.hashCode(Curso.java:54)
	at java.util.Arrays.hashCode(Arrays.java:3140)
	at com.google.common.base.Objects.hashCode(Objects.java:77)
	at com.tcc.elearning.app.entity.Curso.hashCode(Curso.java:54)
	at java.util.Arrays.hashCode(Arrays.java:3140)
	at com.google.common.base.Objects.hashCode(Objects.java:77)
	at com.tcc.elearning.app.entity.Curso.hashCode(Curso.java:54)
	at java.util.Arrays.hashCode(Arrays.java:3140)
	at com.google.common.base.Objects.hashCode(Objects.java:77)
	at com.tcc.elearning.app.entity.Curso.hashCode(Curso.java:54)
	at java.util.Arrays.hashCode(Arrays.java:3140)
	at com.google.common.base.Objects.hashCode(Objects.java:77)
	at com.tcc.elearning.app.entity.Curso.hashCode(Curso.java:54)
	at java.util.Arrays.hashCode(Arrays.java:3140)
	at com.google.common.base.Objects.hashCode(Objects.java:77)
	at com.tcc.elearning.app.entity.Curso.hashCode(Curso.java:54)
	at java.util.Arrays.hashCode(Arrays.java:3140)
	at com.google.common.base.Objects.hashCode(Objects.java:77)
	at com.tcc.elearning.app.entity.Curso.hashCode(Curso.java:54)
	at java.util.Arrays.hashCode(Arrays.java:3140)
	at com.google.common.base.Objects.hashCode(Objects.java:77)
	at com.tcc.elearning.app.entity.Curso.hashCode(Curso.java:54)
	at java.util.Arrays.hashCode(Arrays.java:3140)
	at com.google.common.base.Objects.hashCode(Objects.java:77)
	at com.tcc.elearning.app.entity.Curso.hashCode(Curso.java:54)
	at java.util.Arrays.hashCode(Arrays.java:3140)
	at com.google.common.base.Objects.hashCode(Objects.java:77)
	at com.tcc.elearning.app.entity.Curso.hashCode(Curso.java:54)
	at java.util.Arrays.hashCode(Arrays.java:3140)
	at com.google.common.base.Objects.hashCode(Objects.java:77)
	at com.tcc.elearning.app.entity.Curso.hashCode(Curso.java:54)
	at java.util.Arrays.hashCode(Arrays.java:3140)
	at com.google.common.base.Objects.hashCode(Objects.java:77)
	at com.tcc.elearning.app.entity.Curso.hashCode(Curso.java:54)
	at java.util.Arrays.hashCode(Arrays.java:3140)
	at com.google.common.base.Objects.hashCode(Objects.java:77)
	at com.tcc.elearning.app.entity.Curso.hashCode(Curso.java:54)
	at java.util.Arrays.hashCode(Arrays.java:3140)
	at com.google.common.base.Objects.hashCode(Objects.java:77)
	at com.tcc.elearning.app.entity.Curso.hashCode(Curso.java:54)
	at java.util.Arrays.hashCode(Arrays.java:3140)
	at com.google.common.base.Objects.hashCode(Objects.java:77)
	at com.tcc.elearning.app.entity.Curso.hashCode(Curso.java:54)
	at java.util.Arrays.hashCode(Arrays.java:3140)
	at com.google.common.base.Objects.hashCode(Objects.java:77)
	at com.tcc.elearning.app.entity.Curso.hashCode(Curso.java:54)
	at java.util.Arrays.hashCode(Arrays.java:3140)
	at com.google.common.base.Objects.hashCode(Objects.java:77)
	at com.tcc.elearning.app.entity.Curso.hashCode(Curso.java:54)
	at java.util.Arrays.hashCode(Arrays.java:3140)
	at com.google.common.base.Objects.hashCode(Objects.java:77)
	at com.tcc.elearning.app.entity.Curso.hashCode(Curso.java:54)
	at java.util.Arrays.hashCode(Arrays.java:3140)
	at com.google.common.base.Objects.hashCode(Objects.java:77)
	at com.tcc.elearning.app.entity.Curso.hashCode(Curso.java:54)
	at java.util.Arrays.hashCode(Arrays.java:3140)
	at com.google.common.base.Objects.hashCode(Objects.java:77)
	at com.tcc.elearning.app.entity.Curso.hashCode(Curso.java:54)
	at java.util.Arrays.hashCode(Arrays.java:3140)
	at com.google.common.base.Objects.hashCode(Objects.java:77)
	at com.tcc.elearning.app.entity.Curso.hashCode(Curso.java:54)
	at java.util.Arrays.hashCode(Arrays.java:3140)
	at com.google.common.base.Objects.hashCode(Objects.java:77)
	at com.tcc.elearning.app.entity.Curso.hashCode(Curso.java:54)
	at java.util.Arrays.hashCode(Arrays.java:3140)
	at com.google.common.base.Objects.hashCode(Objects.java:77)
	at com.tcc.elearning.app.entity.Curso.hashCode(Curso.java:54)
	at java.util.Arrays.hashCode(Arrays.java:3140)
	at com.google.common.base.Objects.hashCode(Objects.java:77)
	at com.tcc.elearning.app.entity.Curso.hashCode(Curso.java:54)
	at java.util.Arrays.hashCode(Arrays.java:3140)
	at com.google.common.base.Objects.hashCode(Objects.java:77)
	at com.tcc.elearning.app.entity.Curso.hashCode(Curso.java:54)
	at java.util.Arrays.hashCode(Arrays.java:3140)
	at com.google.common.base.Objects.hashCode(Objects.java:77)
	at com.tcc.elearning.app.entity.Curso.hashCode(Curso.java:54)
	at java.util.Arrays.hashCode(Arrays.java:3140)
	at com.google.common.base.Objects.hashCode(Objects.java:77)
	at com.tcc.elearning.app.entity.Curso.hashCode(Curso.java:54)
	at java.util.Arrays.hashCode(Arrays.java:3140)
	at com.google.common.base.Objects.hashCode(Objects.java:77)
	at com.tcc.elearning.app.entity.Curso.hashCode(Curso.java:54)
	at java.util.Arrays.hashCode(Arrays.java:3140)
	at com.google.common.base.Objects.hashCode(Objects.java:77)
	at com.tcc.elearning.app.entity.Curso.hashCode(Curso.java:54)
	at java.util.Arrays.hashCode(Arrays.java:3140)
	at com.google.common.base.Objects.hashCode(Objects.java:77)
	at com.tcc.elearning.app.entity.Curso.hashCode(Curso.java:54)
	at java.util.Arrays.hashCode(Arrays.java:3140)
	at com.google.common.base.Objects.hashCode(Objects.java:77)
	at com.tcc.elearning.app.entity.Curso.hashCode(Curso.java:54)
	at java.util.Arrays.hashCode(Arrays.java:3140)
	at com.google.common.base.Objects.hashCode(Objects.java:77)
	at com.tcc.elearning.app.entity.Curso.hashCode(Curso.java:54)
	at java.util.Arrays.hashCode(Arrays.java:3140)
	at com.google.common.base.Objects.hashCode(Objects.java:77)
	at com.tcc.elearning.app.entity.Curso.hashCode(Curso.java:54)
	at java.util.Arrays.hashCode(Arrays.java:3140)
	at com.google.common.base.Objects.hashCode(Objects.java:77)
	at com.tcc.elearning.app.entity.Curso.hashCode(Curso.java:54)
	at java.util.Arrays.hashCode(Arrays.java:3140)
	at com.google.common.base.Objects.hashCode(Objects.java:77)
	at com.tcc.elearning.app.entity.Curso.hashCode(Curso.java:54)
	at java.util.Arrays.hashCode(Arrays.java:3140)
	at com.google.common.base.Objects.hashCode(Objects.java:77)
	at com.tcc.elearning.app.entity.Curso.hashCode(Curso.java:54)
	at java.util.Arrays.hashCode(Arrays.java:3140)
	at com.google.common.base.Objects.hashCode(Objects.java:77)
	at com.tcc.elearning.app.entity.Curso.hashCode(Curso.java:54)
	at java.util.Arrays.hashCode(Arrays.java:3140)
	at com.google.common.base.Objects.hashCode(Objects.java:77)
	at com.tcc.elearning.app.entity.Curso.hashCode(Curso.java:54)
	at java.util.Arrays.hashCode(Arrays.java:3140)
	at com.google.common.base.Objects.hashCode(Objects.java:77)
	at com.tcc.elearning.app.entity.Curso.hashCode(Curso.java:54)
	at java.util.Arrays.hashCode(Arrays.java:3140)
	at com.google.common.base.Objects.hashCode(Objects.java:77)
	at com.tcc.elearning.app.entity.Curso.hashCode(Curso.java:54)
	at java.util.Arrays.hashCode(Arrays.java:3140)
	at com.google.common.base.Objects.hashCode(Objects.java:77)
	at com.tcc.elearning.app.entity.Curso.hashCode(Curso.java:54)
	at java.util.Arrays.hashCode(Arrays.java:3140)
	at com.google.common.base.Objects.hashCode(Objects.java:77)
	at com.tcc.elearning.app.entity.Curso.hashCode(Curso.java:54)
	at java.util.Arrays.hashCode(Arrays.java:3140)
	at com.google.common.base.Objects.hashCode(Objects.java:77)
	at com.tcc.elearning.app.entity.Curso.hashCode(Curso.java:54)
	at java.util.Arrays.hashCode(Arrays.java:3140)
	at com.google.common.base.Objects.hashCode(Objects.java:77)
	at com.tcc.elearning.app.entity.Curso.hashCode(Curso.java:54)
	at java.util.Arrays.hashCode(Arrays.java:3140)
	at com.google.common.base.Objects.hashCode(Objects.java:77)
	at com.tcc.elearning.app.entity.Curso.hashCode(Curso.java:54)
	at java.util.Arrays.hashCode(Arrays.java:3140)
	at com.google.common.base.Objects.hashCode(Objects.java:77)
	at com.tcc.elearning.app.entity.Curso.hashCode(Curso.java:54)
	at java.util.Arrays.hashCode(Arrays.java:3140)
	at com.google.common.base.Objects.hashCode(Objects.java:77)
	at com.tcc.elearning.app.entity.Curso.hashCode(Curso.java:54)
	at java.util.Arrays.hashCode(Arrays.java:3140)
	at com.google.common.base.Objects.hashCode(Objects.java:77)
	at com.tcc.elearning.app.entity.Curso.hashCode(Curso.java:54)
	at java.util.Arrays.hashCode(Arrays.java:3140)
	at com.google.common.base.Objects.hashCode(Objects.java:77)
	at com.tcc.elearning.app.entity.Curso.hashCode(Curso.java:54)
	at java.util.Arrays.hashCode(Arrays.java:3140)
	at com.google.common.base.Objects.hashCode(Objects.java:77)
	at com.tcc.elearning.app.entity.Curso.hashCode(Curso.java:54)
	at java.util.Arrays.hashCode(Arrays.java:3140)
	at com.google.common.base.Objects.hashCode(Objects.java:77)
	at com.tcc.elearning.app.entity.Curso.hashCode(Curso.java:54)
	at java.util.Arrays.hashCode(Arrays.java:3140)
	at com.google.common.base.Objects.hashCode(Objects.java:77)
	at com.tcc.elearning.app.entity.Curso.hashCode(Curso.java:54)
	at java.util.Arrays.hashCode(Arrays.java:3140)
	at com.google.common.base.Objects.hashCode(Objects.java:77)
	at com.tcc.elearning.app.entity.Curso.hashCode(Curso.java:54)
	at java.util.Arrays.hashCode(Arrays.java:3140)
	at com.google.common.base.Objects.hashCode(Objects.java:77)
	at com.tcc.elearning.app.entity.Curso.hashCode(Curso.java:54)
	at java.util.Arrays.hashCode(Arrays.java:3140)
	at com.google.common.base.Objects.hashCode(Objects.java:77)
	at com.tcc.elearning.app.entity.Curso.hashCode(Curso.java:54)
	at java.util.Arrays.hashCode(Arrays.java:3140)
	at com.google.common.base.Objects.hashCode(Objects.java:77)
	at com.tcc.elearning.app.entity.Curso.hashCode(Curso.java:54)
	at java.util.Arrays.hashCode(Arrays.java:3140)
	at com.google.common.base.Objects.hashCode(Objects.java:77)
	at com.tcc.elearning.app.entity.Curso.hashCode(Curso.java:54)
	at java.util.Arrays.hashCode(Arrays.java:3140)
	at com.google.common.base.Objects.hashCode(Objects.java:77)
	at com.tcc.elearning.app.entity.Curso.hashCode(Curso.java:54)
	at java.util.Arrays.hashCode(Arrays.java:3140)
	at com.google.common.base.Objects.hashCode(Objects.java:77)
	at com.tcc.elearning.app.entity.Curso.hashCode(Curso.java:54)
	at java.util.Arrays.hashCode(Arrays.java:3140)
	at com.google.common.base.Objects.hashCode(Objects.java:77)
	at com.tcc.elearning.app.entity.Curso.hashCode(Curso.java:54)
	at java.util.Arrays.hashCode(Arrays.java:3140)
	at com.google.common.base.Objects.hashCode(Objects.java:77)
	at com.tcc.elearning.app.entity.Curso.hashCode(Curso.java:54)
	at java.util.Arrays.hashCode(Arrays.java:3140)
	at com.google.common.base.Objects.hashCode(Objects.java:77)
	at com.tcc.elearning.app.entity.Curso.hashCode(Curso.java:54)
	at java.util.Arrays.hashCode(Arrays.java:3140)
	at com.google.common.base.Objects.hashCode(Objects.java:77)
	at com.tcc.elearning.app.entity.Curso.hashCode(Curso.java:54)
	at java.util.Arrays.hashCode(Arrays.java:3140)
	at com.google.common.base.Objects.hashCode(Objects.java:77)
	at com.tcc.elearning.app.entity.Curso.hashCode(Curso.java:54)
	at java.util.Arrays.hashCode(Arrays.java:3140)
	at com.google.common.base.Objects.hashCode(Objects.java:77)
	at com.tcc.elearning.app.entity.Curso.hashCode(Curso.java:54)
	at java.util.Arrays.hashCode(Arrays.java:3140)
	at com.google.common.base.Objects.hashCode(Objects.java:77)
	at com.tcc.elearning.app.entity.Curso.hashCode(Curso.java:54)
	at java.util.Arrays.hashCode(Arrays.java:3140)
	at com.google.common.base.Objects.hashCode(Objects.java:77)
	at com.tcc.elearning.app.entity.Curso.hashCode(Curso.java:54)
	at java.util.Arrays.hashCode(Arrays.java:3140)
	at com.google.common.base.Objects.hashCode(Objects.java:77)
	at com.tcc.elearning.app.entity.Curso.hashCode(Curso.java:54)
	at java.util.Arrays.hashCode(Arrays.java:3140)
	at com.google.common.base.Objects.hashCode(Objects.java:77)
	at com.tcc.elearning.app.entity.Curso.hashCode(Curso.java:54)
	at java.util.Arrays.hashCode(Arrays.java:3140)
	at com.google.common.base.Objects.hashCode(Objects.java:77)
	at com.tcc.elearning.app.entity.Curso.hashCode(Curso.java:54)
	at java.util.Arrays.hashCode(Arrays.java:3140)
	at com.google.common.base.Objects.hashCode(Objects.java:77)
	at com.tcc.elearning.app.entity.Curso.hashCode(Curso.java:54)
	at java.util.Arrays.hashCode(Arrays.java:3140)
	at com.google.common.base.Objects.hashCode(Objects.java:77)
	at com.tcc.elearning.app.entity.Curso.hashCode(Curso.java:54)
	at java.util.Arrays.hashCode(Arrays.java:3140)
	at com.google.common.base.Objects.hashCode(Objects.java:77)
	at com.tcc.elearning.app.entity.Curso.hashCode(Curso.java:54)
	at java.util.Arrays.hashCode(Arrays.java:3140)
	at com.google.common.base.Objects.hashCode(Objects.java:77)
	at com.tcc.elearning.app.entity.Curso.hashCode(Curso.java:54)
	at java.util.Arrays.hashCode(Arrays.java:3140)
	at com.google.common.base.Objects.hashCode(Objects.java:77)
	at com.tcc.elearning.app.entity.Curso.hashCode(Curso.java:54)
	at java.util.Arrays.hashCode(Arrays.java:3140)
	at com.google.common.base.Objects.hashCode(Objects.java:77)
	at com.tcc.elearning.app.entity.Curso.hashCode(Curso.java:54)
	at java.util.Arrays.hashCode(Arrays.java:3140)
	at com.google.common.base.Objects.hashCode(Objects.java:77)
	at com.tcc.elearning.app.entity.Curso.hashCode(Curso.java:54)
	at java.util.Arrays.hashCode(Arrays.java:3140)
	at com.google.common.base.Objects.hashCode(Objects.java:77)
	at com.tcc.elearning.app.entity.Curso.hashCode(Curso.java:54)
	at java.util.Arrays.hashCode(Arrays.java:3140)
	at com.google.common.base.Objects.hashCode(Objects.java:77)
	at com.tcc.elearning.app.entity.Curso.hashCode(Curso.java:54)
	at java.util.Arrays.hashCode(Arrays.java:3140)
	at com.google.common.base.Objects.hashCode(Objects.java:77)
	at com.tcc.elearning.app.entity.Curso.hashCode(Curso.java:54)
	at java.util.Arrays.hashCode(Arrays.java:3140)
	at com.google.common.base.Objects.hashCode(Objects.java:77)
	at com.tcc.elearning.app.entity.Curso.hashCode(Curso.java:54)
	at java.util.Arrays.hashCode(Arrays.java:3140)
	at com.google.common.base.Objects.hashCode(Objects.java:77)
	at com.tcc.elearning.app.entity.Curso.hashCode(Curso.java:54)
	at java.util.Arrays.hashCode(Arrays.java:3140)
	at com.google.common.base.Objects.hashCode(Objects.java:77)
	at com.tcc.elearning.app.entity.Curso.hashCode(Curso.java:54)
	at java.util.Arrays.hashCode(Arrays.java:3140)
	at com.google.common.base.Objects.hashCode(Objects.java:77)
	at com.tcc.elearning.app.entity.Curso.hashCode(Curso.java:54)
	at java.util.Arrays.hashCode(Arrays.java:3140)
	at com.google.common.base.Objects.hashCode(Objects.java:77)
	at com.tcc.elearning.app.entity.Curso.hashCode(Curso.java:54)
	at java.util.Arrays.hashCode(Arrays.java:3140)
	at com.google.common.base.Objects.hashCode(Objects.java:77)
	at com.tcc.elearning.app.entity.Curso.hashCode(Curso.java:54)
	at java.util.Arrays.hashCode(Arrays.java:3140)
	at com.google.common.base.Objects.hashCode(Objects.java:77)
	at com.tcc.elearning.app.entity.Curso.hashCode(Curso.java:54)
	at java.util.Arrays.hashCode(Arrays.java:3140)
	at com.google.common.base.Objects.hashCode(Objects.java:77)
	at com.tcc.elearning.app.entity.Curso.hashCode(Curso.java:54)
	at java.util.Arrays.hashCode(Arrays.java:3140)
	at com.google.common.base.Objects.hashCode(Objects.java:77)
	at com.tcc.elearning.app.entity.Curso.hashCode(Curso.java:54)
	at java.util.Arrays.hashCode(Arrays.java:3140)
	at com.google.common.base.Objects.hashCode(Objects.java:77)
	at com.tcc.elearning.app.entity.Curso.hashCode(Curso.java:54)
	at java.util.Arrays.hashCode(Arrays.java:3140)
	at com.google.common.base.Objects.hashCode(Objects.java:77)
	at com.tcc.elearning.app.entity.Curso.hashCode(Curso.java:54)
	at java.util.Arrays.hashCode(Arrays.java:3140)
	at com.google.common.base.Objects.hashCode(Objects.java:77)
	at com.tcc.elearning.app.entity.Curso.hashCode(Curso.java:54)
	at java.util.Arrays.hashCode(Arrays.java:3140)
	at com.google.common.base.Objects.hashCode(Objects.java:77)
	at com.tcc.elearning.app.entity.Curso.hashCode(Curso.java:54)
	at java.util.Arrays.hashCode(Arrays.java:3140)
	at com.google.common.base.Objects.hashCode(Objects.java:77)
	at com.tcc.elearning.app.entity.Curso.hashCode(Curso.java:54)
	at java.util.Arrays.hashCode(Arrays.java:3140)
	at com.google.common.base.Objects.hashCode(Objects.java:77)
	at com.tcc.elearning.app.entity.Curso.hashCode(Curso.java:54)
	at java.util.Arrays.hashCode(Arrays.java:3140)
	at com.google.common.base.Objects.hashCode(Objects.java:77)
	at com.tcc.elearning.app.entity.Curso.hashCode(Curso.java:54)
	at java.util.Arrays.hashCode(Arrays.java:3140)
	at com.google.common.base.Objects.hashCode(Objects.java:77)
	at com.tcc.elearning.app.entity.Curso.hashCode(Curso.java:54)
	at java.util.Arrays.hashCode(Arrays.java:3140)
	at com.google.common.base.Objects.hashCode(Objects.java:77)
	at com.tcc.elearning.app.entity.Curso.hashCode(Curso.java:54)
	at java.util.Arrays.hashCode(Arrays.java:3140)
	at com.google.common.base.Objects.hashCode(Objects.java:77)
	at com.tcc.elearning.app.entity.Curso.hashCode(Curso.java:54)
	at java.util.Arrays.hashCode(Arrays.java:3140)
	at com.google.common.base.Objects.hashCode(Objects.java:77)
	at com.tcc.elearning.app.entity.Curso.hashCode(Curso.java:54)
	at java.util.Arrays.hashCode(Arrays.java:3140)
	at com.google.common.base.Objects.hashCode(Objects.java:77)
	at com.tcc.elearning.app.entity.Curso.hashCode(Curso.java:54)
	at java.util.Arrays.hashCode(Arrays.java:3140)
	at com.google.common.base.Objects.hashCode(Objects.java:77)
	at com.tcc.elearning.app.entity.Curso.hashCode(Curso.java:54)
	at java.util.Arrays.hashCode(Arrays.java:3140)
	at com.google.common.base.Objects.hashCode(Objects.java:77)
	at com.tcc.elearning.app.entity.Curso.hashCode(Curso.java:54)
	at java.util.Arrays.hashCode(Arrays.java:3140)
	at com.google.common.base.Objects.hashCode(Objects.java:77)
	at com.tcc.elearning.app.entity.Curso.hashCode(Curso.java:54)
	at java.util.Arrays.hashCode(Arrays.java:3140)
	at com.google.common.base.Objects.hashCode(Objects.java:77)
	at com.tcc.elearning.app.entity.Curso.hashCode(Curso.java:54)
	at java.util.Arrays.hashCode(Arrays.java:3140)
	at com.google.common.base.Objects.hashCode(Objects.java:77)
	at com.tcc.elearning.app.entity.Curso.hashCode(Curso.java:54)
	at java.util.Arrays.hashCode(Arrays.java:3140)
	at com.google.common.base.Objects.hashCode(Objects.java:77)
	at com.tcc.elearning.app.entity.Curso.hashCode(Curso.java:54)
	at java.util.Arrays.hashCode(Arrays.java:3140)
	at com.google.common.base.Objects.hashCode(Objects.java:77)
	at com.tcc.elearning.app.entity.Curso.hashCode(Curso.java:54)
	at java.util.Arrays.hashCode(Arrays.java:3140)
	at com.google.common.base.Objects.hashCode(Objects.java:77)
	at com.tcc.elearning.app.entity.Curso.hashCode(Curso.java:54)
	at java.util.Arrays.hashCode(Arrays.java:3140)
	at com.google.common.base.Objects.hashCode(Objects.java:77)
	at com.tcc.elearning.app.entity.Curso.hashCode(Curso.java:54)
	at java.util.Arrays.hashCode(Arrays.java:3140)
	at com.google.common.base.Objects.hashCode(Objects.java:77)
	at com.tcc.elearning.app.entity.Curso.hashCode(Curso.java:54)
	at java.util.Arrays.hashCode(Arrays.java:3140)
	at com.google.common.base.Objects.hashCode(Objects.java:77)
	at com.tcc.elearning.app.entity.Curso.hashCode(Curso.java:54)
	at java.util.Arrays.hashCode(Arrays.java:3140)
	at com.google.common.base.Objects.hashCode(Objects.java:77)
	at com.tcc.elearning.app.entity.Curso.hashCode(Curso.java:54)
	at java.util.Arrays.hashCode(Arrays.java:3140)
	at com.google.common.base.Objects.hashCode(Objects.java:77)
	at com.tcc.elearning.app.entity.Curso.hashCode(Curso.java:54)
	at java.util.Arrays.hashCode(Arrays.java:3140)
	at com.google.common.base.Objects.hashCode(Objects.java:77)
	at com.tcc.elearning.app.entity.Curso.hashCode(Curso.java:54)
	at java.util.Arrays.hashCode(Arrays.java:3140)
	at com.google.common.base.Objects.hashCode(Objects.java:77)
	at com.tcc.elearning.app.entity.Curso.hashCode(Curso.java:54)
	at java.util.Arrays.hashCode(Arrays.java:3140)
	at com.google.common.base.Objects.hashCode(Objects.java:77)
	at com.tcc.elearning.app.entity.Curso.hashCode(Curso.java:54)
	at java.util.Arrays.hashCode(Arrays.java:3140)
	at com.google.common.base.Objects.hashCode(Objects.java:77)
	at com.tcc.elearning.app.entity.Curso.hashCode(Curso.java:54)
	at java.util.Arrays.hashCode(Arrays.java:3140)
	at com.google.common.base.Objects.hashCode(Objects.java:77)
	at com.tcc.elearning.app.entity.Curso.hashCode(Curso.java:54)
	at java.util.Arrays.hashCode(Arrays.java:3140)
	at com.google.common.base.Objects.hashCode(Objects.java:77)
	at com.tcc.elearning.app.entity.Curso.hashCode(Curso.java:54)
	at java.util.Arrays.hashCode(Arrays.java:3140)
	at com.google.common.base.Objects.hashCode(Objects.java:77)
	at com.tcc.elearning.app.entity.Curso.hashCode(Curso.java:54)
	at java.util.Arrays.hashCode(Arrays.java:3140)
	at com.google.common.base.Objects.hashCode(Objects.java:77)
	at com.tcc.elearning.app.entity.Curso.hashCode(Curso.java:54)
	at java.util.Arrays.hashCode(Arrays.java:3140)
	at com.google.common.base.Objects.hashCode(Objects.java:77)
	at com.tcc.elearning.app.entity.Curso.hashCode(Curso.java:54)
	at java.util.Arrays.hashCode(Arrays.java:3140)
	at com.google.common.base.Objects.hashCode(Objects.java:77)
	at com.tcc.elearning.app.entity.Curso.hashCode(Curso.java:54)
	at java.util.Arrays.hashCode(Arrays.java:3140)
	at com.google.common.base.Objects.hashCode(Objects.java:77)
	at com.tcc.elearning.app.entity.Curso.hashCode(Curso.java:54)
	at java.util.Arrays.hashCode(Arrays.java:3140)
	at com.google.common.base.Objects.hashCode(Objects.java:77)
	at com.tcc.elearning.app.entity.Curso.hashCode(Curso.java:54)
	at java.util.Arrays.hashCode(Arrays.java:3140)
	at com.google.common.base.Objects.hashCode(Objects.java:77)
	at com.tcc.elearning.app.entity.Curso.hashCode(Curso.java:54)
	at java.util.Arrays.hashCode(Arrays.java:3140)
	at com.google.common.base.Objects.hashCode(Objects.java:77)
	at com.tcc.elearning.app.entity.Curso.hashCode(Curso.java:54)
	at java.util.Arrays.hashCode(Arrays.java:3140)
	at com.google.common.base.Objects.hashCode(Objects.java:77)
	at com.tcc.elearning.app.entity.Curso.hashCode(Curso.java:54)
	at java.util.Arrays.hashCode(Arrays.java:3140)
	at com.google.common.base.Objects.hashCode(Objects.java:77)
	at com.tcc.elearning.app.entity.Curso.hashCode(Curso.java:54)
	at java.util.Arrays.hashCode(Arrays.java:3140)
	at com.google.common.base.Objects.hashCode(Objects.java:77)
	at com.tcc.elearning.app.entity.Curso.hashCode(Curso.java:54)
	at java.util.Arrays.hashCode(Arrays.java:3140)
	at com.google.common.base.Objects.hashCode(Objects.java:77)
	at com.tcc.elearning.app.entity.Curso.hashCode(Curso.java:54)
	at java.util.Arrays.hashCode(Arrays.java:3140)
	at com.google.common.base.Objects.hashCode(Objects.java:77)
	at com.tcc.elearning.app.entity.Curso.hashCode(Curso.java:54)
	at java.util.Arrays.hashCode(Arrays.java:3140)
	at com.google.common.base.Objects.hashCode(Objects.java:77)
	at com.tcc.elearning.app.entity.Curso.hashCode(Curso.java:54)
	at java.util.Arrays.hashCode(Arrays.java:3140)
	at com.google.common.base.Objects.hashCode(Objects.java:77)
	at com.tcc.elearning.app.entity.Curso.hashCode(Curso.java:54)
	at java.util.Arrays.hashCode(Arrays.java:3140)
	at com.google.common.base.Objects.hashCode(Objects.java:77)
	at com.tcc.elearning.app.entity.Curso.hashCode(Curso.java:54)
	at java.util.Arrays.hashCode(Arrays.java:3140)
	at com.google.common.base.Objects.hashCode(Objects.java:77)
	at com.tcc.elearning.app.entity.Curso.hashCode(Curso.java:54)
	at java.util.Arrays.hashCode(Arrays.java:3140)
	at com.google.common.base.Objects.hashCode(Objects.java:77)
	at com.tcc.elearning.app.entity.Curso.hashCode(Curso.java:54)
	at java.util.Arrays.hashCode(Arrays.java:3140)
	at com.google.common.base.Objects.hashCode(Objects.java:77)
	at com.tcc.elearning.app.entity.Curso.hashCode(Curso.java:54)
	at java.util.Arrays.hashCode(Arrays.java:3140)
	at com.google.common.base.Objects.hashCode(Objects.java:77)
	at com.tcc.elearning.app.entity.Curso.hashCode(Curso.java:54)
	at java.util.Arrays.hashCode(Arrays.java:3140)
	at com.google.common.base.Objects.hashCode(Objects.java:77)
	at com.tcc.elearning.app.entity.Curso.hashCode(Curso.java:54)
	at java.util.Arrays.hashCode(Arrays.java:3140)
	at com.google.common.base.Objects.hashCode(Objects.java:77)
	at com.tcc.elearning.app.entity.Curso.hashCode(Curso.java:54)
	at java.util.Arrays.hashCode(Arrays.java:3140)
	at com.google.common.base.Objects.hashCode(Objects.java:77)
	at com.tcc.elearning.app.entity.Curso.hashCode(Curso.java:54)
	at java.util.Arrays.hashCode(Arrays.java:3140)
	at com.google.common.base.Objects.hashCode(Objects.java:77)
	at com.tcc.elearning.app.entity.Curso.hashCode(Curso.java:54)
	at java.util.Arrays.hashCode(Arrays.java:3140)
	at com.google.common.base.Objects.hashCode(Objects.java:77)
	at com.tcc.elearning.app.entity.Curso.hashCode(Curso.java:54)
	at java.util.Arrays.hashCode(Arrays.java:3140)
	at com.google.common.base.Objects.hashCode(Objects.java:77)
	at com.tcc.elearning.app.entity.Curso.hashCode(Curso.java:54)
	at java.util.Arrays.hashCode(Arrays.java:3140)
	at com.google.common.base.Objects.hashCode(Objects.java:77)
	at com.tcc.elearning.app.entity.Curso.hashCode(Curso.java:54)
	at java.util.Arrays.hashCode(Arrays.java:3140)
	at com.google.common.base.Objects.hashCode(Objects.java:77)
	at com.tcc.elearning.app.entity.Curso.hashCode(Curso.java:54)
	at java.util.Arrays.hashCode(Arrays.java:3140)
	at com.google.common.base.Objects.hashCode(Objects.java:77)
	at com.tcc.elearning.app.entity.Curso.hashCode(Curso.java:54)
	at java.util.Arrays.hashCode(Arrays.java:3140)
	at com.google.common.base.Objects.hashCode(Objects.java:77)
	at com.tcc.elearning.app.entity.Curso.hashCode(Curso.java:54)
	at java.util.Arrays.hashCode(Arrays.java:3140)
	at com.google.common.base.Objects.hashCode(Objects.java:77)
	at com.tcc.elearning.app.entity.Curso.hashCode(Curso.java:54)
	at java.util.Arrays.hashCode(Arrays.java:3140)
	at com.google.common.base.Objects.hashCode(Objects.java:77)
	at com.tcc.elearning.app.entity.Curso.hashCode(Curso.java:54)
	at java.util.Arrays.hashCode(Arrays.java:3140)
	at com.google.common.base.Objects.hashCode(Objects.java:77)
	at com.tcc.elearning.app.entity.Curso.hashCode(Curso.java:54)
	at java.util.Arrays.hashCode(Arrays.java:3140)
	at com.google.common.base.Objects.hashCode(Objects.java:77)
	at com.tcc.elearning.app.entity.Curso.hashCode(Curso.java:54)
	at java.util.Arrays.hashCode(Arrays.java:3140)
	at com.google.common.base.Objects.hashCode(Objects.java:77)
	at com.tcc.elearning.app.entity.Curso.hashCode(Curso.java:54)
	at java.util.Arrays.hashCode(Arrays.java:3140)
	at com.google.common.base.Objects.hashCode(Objects.java:77)
	at com.tcc.elearning.app.entity.Curso.hashCode(Curso.java:54)
	at java.util.Arrays.hashCode(Arrays.java:3140)
	at com.google.common.base.Objects.hashCode(Objects.java:77)
	at com.tcc.elearning.app.entity.Curso.hashCode(Curso.java:54)
	at java.util.Arrays.hashCode(Arrays.java:3140)
	at com.google.common.base.Objects.hashCode(Objects.java:77)
	at com.tcc.elearning.app.entity.Curso.hashCode(Curso.java:54)
	at java.util.Arrays.hashCode(Arrays.java:3140)
	at com.google.common.base.Objects.hashCode(Objects.java:77)
	at com.tcc.elearning.app.entity.Curso.hashCode(Curso.java:54)
	at java.util.Arrays.hashCode(Arrays.java:3140)
	at com.google.common.base.Objects.hashCode(Objects.java:77)
	at com.tcc.elearning.app.entity.Curso.hashCode(Curso.java:54)
	at java.util.Arrays.hashCode(Arrays.java:3140)
	at com.google.common.base.Objects.hashCode(Objects.java:77)
	at com.tcc.elearning.app.entity.Curso.hashCode(Curso.java:54)
	at java.util.Arrays.hashCode(Arrays.java:3140)
	at com.google.common.base.Objects.hashCode(Objects.java:77)
	at com.tcc.elearning.app.entity.Curso.hashCode(Curso.java:54)
	at java.util.Arrays.hashCode(Arrays.java:3140)
	at com.google.common.base.Objects.hashCode(Objects.java:77)
	at com.tcc.elearning.app.entity.Curso.hashCode(Curso.java:54)
	at java.util.Arrays.hashCode(Arrays.java:3140)
	at com.google.common.base.Objects.hashCode(Objects.java:77)
	at com.tcc.elearning.app.entity.Curso.hashCode(Curso.java:54)
	at java.util.Arrays.hashCode(Arrays.java:3140)
	at com.google.common.base.Objects.hashCode(Objects.java:77)
	at com.tcc.elearning.app.entity.Curso.hashCode(Curso.java:54)
	at java.util.Arrays.hashCode(Arrays.java:3140)
	at com.google.common.base.Objects.hashCode(Objects.java:77)
	at com.tcc.elearning.app.entity.Curso.hashCode(Curso.java:54)
	at java.util.Arrays.hashCode(Arrays.java:3140)
	at com.google.common.base.Objects.hashCode(Objects.java:77)
	at com.tcc.elearning.app.entity.Curso.hashCode(Curso.java:54)
	at java.util.Arrays.hashCode(Arrays.java:3140)
	at com.google.common.base.Objects.hashCode(Objects.java:77)
	at com.tcc.elearning.app.entity.Curso.hashCode(Curso.java:54)
	at java.util.Arrays.hashCode(Arrays.java:3140)
	at com.google.common.base.Objects.hashCode(Objects.java:77)
	at com.tcc.elearning.app.entity.Curso.hashCode(Curso.java:54)
	at java.util.Arrays.hashCode(Arrays.java:3140)
	at com.google.common.base.Objects.hashCode(Objects.java:77)
	at com.tcc.elearning.app.entity.Curso.hashCode(Curso.java:54)
	at java.util.Arrays.hashCode(Arrays.java:3140)
	at com.google.common.base.Objects.hashCode(Objects.java:77)
	at com.tcc.elearning.app.entity.Curso.hashCode(Curso.java:54)
	at java.util.Arrays.hashCode(Arrays.java:3140)
	at com.google.common.base.Objects.hashCode(Objects.java:77)
	at com.tcc.elearning.app.entity.Curso.hashCode(Curso.java:54)
	at java.util.Arrays.hashCode(Arrays.java:3140)
	at com.google.common.base.Objects.hashCode(Objects.java:77)
	at com.tcc.elearning.app.entity.Curso.hashCode(Curso.java:54)
	at java.util.Arrays.hashCode(Arrays.java:3140)
	at com.google.common.base.Objects.hashCode(Objects.java:77)
	at com.tcc.elearning.app.entity.Curso.hashCode(Curso.java:54)
	at java.util.Arrays.hashCode(Arrays.java:3140)
	at com.google.common.base.Objects.hashCode(Objects.java:77)
	at com.tcc.elearning.app.entity.Curso.hashCode(Curso.java:54)
	at java.util.Arrays.hashCode(Arrays.java:3140)
	at com.google.common.base.Objects.hashCode(Objects.java:77)
	at com.tcc.elearning.app.entity.Curso.hashCode(Curso.java:54)
	at java.util.Arrays.hashCode(Arrays.java:3140)
	at com.google.common.base.Objects.hashCode(Objects.java:77)
	at com.tcc.elearning.app.entity.Curso.hashCode(Curso.java:54)
	at java.util.Arrays.hashCode(Arrays.java:3140)
	at com.google.common.base.Objects.hashCode(Objects.java:77)
	at com.tcc.elearning.app.entity.Curso.hashCode(Curso.java:54)
	at java.util.Arrays.hashCode(Arrays.java:3140)
	at com.google.common.base.Objects.hashCode(Objects.java:77)
	at com.tcc.elearning.app.entity.Curso.hashCode(Curso.java:54)
	at java.util.Arrays.hashCode(Arrays.java:3140)
	at com.google.common.base.Objects.hashCode(Objects.java:77)
	at com.tcc.elearning.app.entity.Curso.hashCode(Curso.java:54)
	at java.util.Arrays.hashCode(Arrays.java:3140)
	at com.google.common.base.Objects.hashCode(Objects.java:77)
	at com.tcc.elearning.app.entity.Curso.hashCode(Curso.java:54)
	at java.util.Arrays.hashCode(Arrays.java:3140)
	at com.google.common.base.Objects.hashCode(Objects.java:77)
	at com.tcc.elearning.app.entity.Curso.hashCode(Curso.java:54)
	at java.util.Arrays.hashCode(Arrays.java:3140)
	at com.google.common.base.Objects.hashCode(Objects.java:77)
	at com.tcc.elearning.app.entity.Curso.hashCode(Curso.java:54)
	at java.util.Arrays.hashCode(Arrays.java:3140)
	at com.google.common.base.Objects.hashCode(Objects.java:77)
	at com.tcc.elearning.app.entity.Curso.hashCode(Curso.java:54)
	at java.util.Arrays.hashCode(Arrays.java:3140)
	at com.google.common.base.Objects.hashCode(Objects.java:77)
	at com.tcc.elearning.app.entity.Curso.hashCode(Curso.java:54)
	at java.util.Arrays.hashCode(Arrays.java:3140)
	at com.google.common.base.Objects.hashCode(Objects.java:77)
	at com.tcc.elearning.app.entity.Curso.hashCode(Curso.java:54)
	at java.util.Arrays.hashCode(Arrays.java:3140)
	at com.google.common.base.Objects.hashCode(Objects.java:77)
	at com.tcc.elearning.app.entity.Curso.hashCode(Curso.java:54)
	at java.util.Arrays.hashCode(Arrays.java:3140)
	at com.google.common.base.Objects.hashCode(Objects.java:77)
	at com.tcc.elearning.app.entity.Curso.hashCode(Curso.java:54)
	at java.util.Arrays.hashCode(Arrays.java:3140)
	at com.google.common.base.Objects.hashCode(Objects.java:77)
	at com.tcc.elearning.app.entity.Curso.hashCode(Curso.java:54)
	at java.util.Arrays.hashCode(Arrays.java:3140)
	at com.google.common.base.Objects.hashCode(Objects.java:77)
	at com.tcc.elearning.app.entity.Curso.hashCode(Curso.java:54)
	at java.util.Arrays.hashCode(Arrays.java:3140)
	at com.google.common.base.Objects.hashCode(Objects.java:77)
	at com.tcc.elearning.app.entity.Curso.hashCode(Curso.java:54)
	at java.util.Arrays.hashCode(Arrays.java:3140)
	at com.google.common.base.Objects.hashCode(Objects.java:77)
	at com.tcc.elearning.app.entity.Curso.hashCode(Curso.java:54)
	at java.util.Arrays.hashCode(Arrays.java:3140)
	at com.google.common.base.Objects.hashCode(Objects.java:77)
	at com.tcc.elearning.app.entity.Curso.hashCode(Curso.java:54)
	at java.util.Arrays.hashCode(Arrays.java:3140)
	at com.google.common.base.Objects.hashCode(Objects.java:77)
	at com.tcc.elearning.app.entity.Curso.hashCode(Curso.java:54)
	at java.util.Arrays.hashCode(Arrays.java:3140)
	at com.google.common.base.Objects.hashCode(Objects.java:77)
	at com.tcc.elearning.app.entity.Curso.hashCode(Curso.java:54)
	at java.util.Arrays.hashCode(Arrays.java:3140)
	at com.google.common.base.Objects.hashCode(Objects.java:77)
	at com.tcc.elearning.app.entity.Curso.hashCode(Curso.java:54)
	at java.util.Arrays.hashCode(Arrays.java:3140)
	at com.google.common.base.Objects.hashCode(Objects.java:77)
	at com.tcc.elearning.app.entity.Curso.hashCode(Curso.java:54)
	at java.util.Arrays.hashCode(Arrays.java:3140)
	at com.google.common.base.Objects.hashCode(Objects.java:77)
	at com.tcc.elearning.app.entity.Curso.hashCode(Curso.java:54)
	at java.util.Arrays.hashCode(Arrays.java:3140)
	at com.google.common.base.Objects.hashCode(Objects.java:77)
	at com.tcc.elearning.app.entity.Curso.hashCode(Curso.java:54)
	at java.util.Arrays.hashCode(Arrays.java:3140)
	at com.google.common.base.Objects.hashCode(Objects.java:77)
	at com.tcc.elearning.app.entity.Curso.hashCode(Curso.java:54)
	at java.util.Arrays.hashCode(Arrays.java:3140)
	at com.google.common.base.Objects.hashCode(Objects.java:77)
	at com.tcc.elearning.app.entity.Curso.hashCode(Curso.java:54)
	at java.util.Arrays.hashCode(Arrays.java:3140)
	at com.google.common.base.Objects.hashCode(Objects.java:77)
	at com.tcc.elearning.app.entity.Curso.hashCode(Curso.java:54)
	at java.util.Arrays.hashCode(Arrays.java:3140)
	at com.google.common.base.Objects.hashCode(Objects.java:77)
	at com.tcc.elearning.app.entity.Curso.hashCode(Curso.java:54)
	at java.util.Arrays.hashCode(Arrays.java:3140)
	at com.google.common.base.Objects.hashCode(Objects.java:77)
	at com.tcc.elearning.app.entity.Curso.hashCode(Curso.java:54)
	at java.util.Arrays.hashCode(Arrays.java:3140)
	at com.google.common.base.Objects.hashCode(Objects.java:77)
	at com.tcc.elearning.app.entity.Curso.hashCode(Curso.java:54)
	at java.util.Arrays.hashCode(Arrays.java:3140)
	at com.google.common.base.Objects.hashCode(Objects.java:77)
	at com.tcc.elearning.app.entity.Curso.hashCode(Curso.java:54)
	at java.util.Arrays.hashCode(Arrays.java:3140)
	at com.google.common.base.Objects.hashCode(Objects.java:77)
	at com.tcc.elearning.app.entity.Curso.hashCode(Curso.java:54)
	at java.util.Arrays.hashCode(Arrays.java:3140)
	at com.google.common.base.Objects.hashCode(Objects.java:77)
	at com.tcc.elearning.app.entity.Curso.hashCode(Curso.java:54)
	at java.util.Arrays.hashCode(Arrays.java:3140)
	at com.google.common.base.Objects.hashCode(Objects.java:77)
	at com.tcc.elearning.app.entity.Curso.hashCode(Curso.java:54)
	at java.util.Arrays.hashCode(Arrays.java:3140)
	at com.google.common.base.Objects.hashCode(Objects.java:77)
	at com.tcc.elearning.app.entity.Curso.hashCode(Curso.java:54)
	at java.util.Arrays.hashCode(Arrays.java:3140)
	at com.google.common.base.Objects.hashCode(Objects.java:77)
	at com.tcc.elearning.app.entity.Curso.hashCode(Curso.java:54)
	at java.util.Arrays.hashCode(Arrays.java:3140)
	at com.google.common.base.Objects.hashCode(Objects.java:77)
	at com.tcc.elearning.app.entity.Curso.hashCode(Curso.java:54)
	at java.util.Arrays.hashCode(Arrays.java:3140)
	at com.google.common.base.Objects.hashCode(Objects.java:77)
	at com.tcc.elearning.app.entity.Curso.hashCode(Curso.java:54)
	at java.util.Arrays.hashCode(Arrays.java:3140)
	at com.google.common.base.Objects.hashCode(Objects.java:77)
	at com.tcc.elearning.app.entity.Curso.hashCode(Curso.java:54)
	at java.util.Arrays.hashCode(Arrays.java:3140)
	at com.google.common.base.Objects.hashCode(Objects.java:77)
	at com.tcc.elearning.app.entity.Curso.hashCode(Curso.java:54)
	at java.util.Arrays.hashCode(Arrays.java:3140)
	at com.google.common.base.Objects.hashCode(Objects.java:77)
	at com.tcc.elearning.app.entity.Curso.hashCode(Curso.java:54)
	at java.util.Arrays.hashCode(Arrays.java:3140)
	at com.google.common.base.Objects.hashCode(Objects.java:77)
	at com.tcc.elearning.app.entity.Curso.hashCode(Curso.java:54)
	at java.util.Arrays.hashCode(Arrays.java:3140)
	at com.google.common.base.Objects.hashCode(Objects.java:77)
	at com.tcc.elearning.app.entity.Curso.hashCode(Curso.java:54)
	at java.util.Arrays.hashCode(Arrays.java:3140)
	at com.google.common.base.Objects.hashCode(Objects.java:77)
	at com.tcc.elearning.app.entity.Curso.hashCode(Curso.java:54)
	at java.util.Arrays.hashCode(Arrays.java:3140)
	at com.google.common.base.Objects.hashCode(Objects.java:77)
	at com.tcc.elearning.app.entity.Curso.hashCode(Curso.java:54)
	at java.util.Arrays.hashCode(Arrays.java:3140)
	at com.google.common.base.Objects.hashCode(Objects.java:77)
	at com.tcc.elearning.app.entity.Curso.hashCode(Curso.java:54)
	at java.util.Arrays.hashCode(Arrays.java:3140)
	at com.google.common.base.Objects.hashCode(Objects.java:77)
	at com.tcc.elearning.app.entity.Curso.hashCode(Curso.java:54)
	at java.util.Arrays.hashCode(Arrays.java:3140)
	at com.google.common.base.Objects.hashCode(Objects.java:77)
	at com.tcc.elearning.app.entity.Curso.hashCode(Curso.java:54)
	at java.util.Arrays.hashCode(Arrays.java:3140)
	at com.google.common.base.Objects.hashCode(Objects.java:77)
	at com.tcc.elearning.app.entity.Curso.hashCode(Curso.java:54)
	at java.util.Arrays.hashCode(Arrays.java:3140)
	at com.google.common.base.Objects.hashCode(Objects.java:77)
	at com.tcc.elearning.app.entity.Curso.hashCode(Curso.java:54)
	at java.util.Arrays.hashCode(Arrays.java:3140)
	at com.google.common.base.Objects.hashCode(Objects.java:77)
	at com.tcc.elearning.app.entity.Curso.hashCode(Curso.java:54)
	at java.util.Arrays.hashCode(Arrays.java:3140)
	at com.google.common.base.Objects.hashCode(Objects.java:77)
	at com.tcc.elearning.app.entity.Curso.hashCode(Curso.java:54)
	at java.util.Arrays.hashCode(Arrays.java:3140)
	at com.google.common.base.Objects.hashCode(Objects.java:77)
	at com.tcc.elearning.app.entity.Curso.hashCode(Curso.java:54)
	at java.util.Arrays.hashCode(Arrays.java:3140)
	at com.google.common.base.Objects.hashCode(Objects.java:77)
	at com.tcc.elearning.app.entity.Curso.hashCode(Curso.java:54)
	at java.util.Arrays.hashCode(Arrays.java:3140)
	at com.google.common.base.Objects.hashCode(Objects.java:77)
	at com.tcc.elearning.app.entity.Curso.hashCode(Curso.java:54)
	at java.util.Arrays.hashCode(Arrays.java:3140)
	at com.google.common.base.Objects.hashCode(Objects.java:77)
	at com.tcc.elearning.app.entity.Curso.hashCode(Curso.java:54)
	at java.util.Arrays.hashCode(Arrays.java:3140)
	at com.google.common.base.Objects.hashCode(Objects.java:77)
	at com.tcc.elearning.app.entity.Curso.hashCode(Curso.java:54)
	at java.util.Arrays.hashCode(Arrays.java:3140)
	at com.google.common.base.Objects.hashCode(Objects.java:77)
	at com.tcc.elearning.app.entity.Curso.hashCode(Curso.java:54)
	at java.util.Arrays.hashCode(Arrays.java:3140)
	at com.google.common.base.Objects.hashCode(Objects.java:77)
	at com.tcc.elearning.app.entity.Curso.hashCode(Curso.java:54)
	at java.util.Arrays.hashCode(Arrays.java:3140)
	at com.google.common.base.Objects.hashCode(Objects.java:77)
	at com.tcc.elearning.app.entity.Curso.hashCode(Curso.java:54)
	at java.util.Arrays.hashCode(Arrays.java:3140)
	at com.google.common.base.Objects.hashCode(Objects.java:77)
	at com.tcc.elearning.app.entity.Curso.hashCode(Curso.java:54)
	at java.util.Arrays.hashCode(Arrays.java:3140)
	at com.google.common.base.Objects.hashCode(Objects.java:77)
	at com.tcc.elearning.app.entity.Curso.hashCode(Curso.java:54)
	at java.util.Arrays.hashCode(Arrays.java:3140)
	at com.google.common.base.Objects.hashCode(Objects.java:77)
	at com.tcc.elearning.app.entity.Curso.hashCode(Curso.java:54)
	at java.util.Arrays.hashCode(Arrays.java:3140)
	at com.google.common.base.Objects.hashCode(Objects.java:77)
	at com.tcc.elearning.app.entity.Curso.hashCode(Curso.java:54)
	at java.util.Arrays.hashCode(Arrays.java:3140)
	at com.google.common.base.Objects.hashCode(Objects.java:77)
	at com.tcc.elearning.app.entity.Curso.hashCode(Curso.java:54)
	at java.util.Arrays.hashCode(Arrays.java:3140)
	at com.google.common.base.Objects.hashCode(Objects.java:77)
	at com.tcc.elearning.app.entity.Curso.hashCode(Curso.java:54)
	at java.util.Arrays.hashCode(Arrays.java:3140)
	at com.google.common.base.Objects.hashCode(Objects.java:77)
	at com.tcc.elearning.app.entity.Curso.hashCode(Curso.java:54)
	at java.util.Arrays.hashCode(Arrays.java:3140)
	at com.google.common.base.Objects.hashCode(Objects.java:77)
	at com.tcc.elearning.app.entity.Curso.hashCode(Curso.java:54)
	at java.util.Arrays.hashCode(Arrays.java:3140)
	at com.google.common.base.Objects.hashCode(Objects.java:77)
	at com.tcc.elearning.app.entity.Curso.hashCode(Curso.java:54)
	at java.util.Arrays.hashCode(Arrays.java:3140)
	at com.google.common.base.Objects.hashCode(Objects.java:77)
	at com.tcc.elearning.app.entity.Curso.hashCode(Curso.java:54)
	at java.util.Arrays.hashCode(Arrays.java:3140)
	at com.google.common.base.Objects.hashCode(Objects.java:77)
	at com.tcc.elearning.app.entity.Curso.hashCode(Curso.java:54)
	at java.util.Arrays.hashCode(Arrays.java:3140)
	at com.google.common.base.Objects.hashCode(Objects.java:77)
	at com.tcc.elearning.app.entity.Curso.hashCode(Curso.java:54)
	at java.util.Arrays.hashCode(Arrays.java:3140)
	at com.google.common.base.Objects.hashCode(Objects.java:77)
	at com.tcc.elearning.app.entity.Curso.hashCode(Curso.java:54)
	at java.util.Arrays.hashCode(Arrays.java:3140)
	at com.google.common.base.Objects.hashCode(Objects.java:77)
	at com.tcc.elearning.app.entity.Curso.hashCode(Curso.java:54)
	at java.util.Arrays.hashCode(Arrays.java:3140)
	at com.google.common.base.Objects.hashCode(Objects.java:77)
	at com.tcc.elearning.app.entity.Curso.hashCode(Curso.java:54)
	at java.util.Arrays.hashCode(Arrays.java:3140)
	at com.google.common.base.Objects.hashCode(Objects.java:77)
	at com.tcc.elearning.app.entity.Curso.hashCode(Curso.java:54)
	at java.util.Arrays.hashCode(Arrays.java:3140)
	at com.google.common.base.Objects.hashCode(Objects.java:77)
	at com.tcc.elearning.app.entity.Curso.hashCode(Curso.java:54)
	at java.util.Arrays.hashCode(Arrays.java:3140)
	at com.google.common.base.Objects.hashCode(Objects.java:77)
	at com.tcc.elearning.app.entity.Curso.hashCode(Curso.java:54)
	at java.util.Arrays.hashCode(Arrays.java:3140)
	at com.google.common.base.Objects.hashCode(Objects.java:77)
	at com.tcc.elearning.app.entity.Curso.hashCode(Curso.java:54)
	at java.util.Arrays.hashCode(Arrays.java:3140)
	at com.google.common.base.Objects.hashCode(Objects.java:77)
	at com.tcc.elearning.app.entity.Curso.hashCode(Curso.java:54)
	at java.util.Arrays.hashCode(Arrays.java:3140)
	at com.google.common.base.Objects.hashCode(Objects.java:77)
	at com.tcc.elearning.app.entity.Curso.hashCode(Curso.java:54)
	at java.util.Arrays.hashCode(Arrays.java:3140)
	at com.google.common.base.Objects.hashCode(Objects.java:77)
	at com.tcc.elearning.app.entity.Curso.hashCode(Curso.java:54)
	at java.util.Arrays.hashCode(Arrays.java:3140)
	at com.google.common.base.Objects.hashCode(Objects.java:77)
	at com.tcc.elearning.app.entity.Curso.hashCode(Curso.java:54)
	at java.util.Arrays.hashCode(Arrays.java:3140)
	at com.google.common.base.Objects.hashCode(Objects.java:77)
	at com.tcc.elearning.app.entity.Curso.hashCode(Curso.java:54)
	at java.util.Arrays.hashCode(Arrays.java:3140)
	at com.google.common.base.Objects.hashCode(Objects.java:77)
	at com.tcc.elearning.app.entity.Curso.hashCode(Curso.java:54)
	at java.util.Arrays.hashCode(Arrays.java:3140)
	at com.google.common.base.Objects.hashCode(Objects.java:77)
	at com.tcc.elearning.app.entity.Curso.hashCode(Curso.java:54)
	at java.util.Arrays.hashCode(Arrays.java:3140)
	at com.google.common.base.Objects.hashCode(Objects.java:77)
	at com.tcc.elearning.app.entity.Curso.hashCode(Curso.java:54)
	at java.util.Arrays.hashCode(Arrays.java:3140)
	at com.google.common.base.Objects.hashCode(Objects.java:77)
	at com.tcc.elearning.app.entity.Curso.hashCode(Curso.java:54)
	at java.util.Arrays.hashCode(Arrays.java:3140)
	at com.google.common.base.Objects.hashCode(Objects.java:77)
	at com.tcc.elearning.app.entity.Curso.hashCode(Curso.java:54)
	at java.util.Arrays.hashCode(Arrays.java:3140)
	at com.google.common.base.Objects.hashCode(Objects.java:77)
	at com.tcc.elearning.app.entity.Curso.hashCode(Curso.java:54)
	at java.util.Arrays.hashCode(Arrays.java:3140)
	at com.google.common.base.Objects.hashCode(Objects.java:77)
	at com.tcc.elearning.app.entity.Curso.hashCode(Curso.java:54)
	at java.util.Arrays.hashCode(Arrays.java:3140)
	at com.google.common.base.Objects.hashCode(Objects.java:77)
	at com.tcc.elearning.app.entity.Curso.hashCode(Curso.java:54)
	at java.util.Arrays.hashCode(Arrays.java:3140)
	at com.google.common.base.Objects.hashCode(Objects.java:77)
	at com.tcc.elearning.app.entity.Curso.hashCode(Curso.java:54)
	at java.util.Arrays.hashCode(Arrays.java:3140)
	at com.google.common.base.Objects.hashCode(Objects.java:77)
	at com.tcc.elearning.app.entity.Curso.hashCode(Curso.java:54)
	at java.util.Arrays.hashCode(Arrays.java:3140)
	at com.google.common.base.Objects.hashCode(Objects.java:77)
	at com.tcc.elearning.app.entity.Curso.hashCode(Curso.java:54)
	at java.util.Arrays.hashCode(Arrays.java:3140)
	at com.google.common.base.Objects.hashCode(Objects.java:77)
	at com.tcc.elearning.app.entity.Curso.hashCode(Curso.java:54)
	at java.util.Arrays.hashCode(Arrays.java:3140)
	at com.google.common.base.Objects.hashCode(Objects.java:77)
	at com.tcc.elearning.app.entity.Curso.hashCode(Curso.java:54)
	at java.util.Arrays.hashCode(Arrays.java:3140)
	at com.google.common.base.Objects.hashCode(Objects.java:77)
	at com.tcc.elearning.app.entity.Curso.hashCode(Curso.java:54)
	at java.util.Arrays.hashCode(Arrays.java:3140)
	at com.google.common.base.Objects.hashCode(Objects.java:77)
	at com.tcc.elearning.app.entity.Curso.hashCode(Curso.java:54)

